INFO:Orchestrator:🚀 Initializing YOLOOrchestrator on mps...
INFO:Orchestrator:✅ Loaded YOLO model: yolo26n.pt
INFO:Orchestrator:✅ Loaded OSNet Feature Extractor
INFO:Orchestrator:✅ Loaded GRU: violence_detection_model.pth
INFO:Orchestrator:✅ Loaded GRU: crowd_anomaly_model.pth
INFO:Orchestrator:Loaded 6 travel constraints
WARNING:Orchestrator:🚨 ALERT on cam-01: VIOLENCE DETECTED (V:0.76, C:0.00)
INFO:Orchestrator:💥 NEW EVENT 5f1d0365-b569-46b2-aefb-fec4a7e03d61 | Type: VIOLENCE DETECTED
INFO:Orchestrator:⏳ Scheduling activation for cam-02 in 3.0s...
INFO:Orchestrator:⏳ Scheduling activation for cam-05 in 3.0s...
INFO:Orchestrator:🔍 Best Candidate cam-01: Sim=0.91 Streak=1 (Event 5f1d0365-b569-46b2-aefb-fec4a7e03d61)
INFO:Orchestrator:📸 Added new view to Gallery 5f1d0365-b569-46b2-aefb-fec4a7e03d61 (Size=2)
WARNING:Orchestrator:🚨 ALERT on cam-01: VIOLENCE DETECTED (V:0.76, C:0.00)
INFO:Orchestrator:Updating existing event 5f1d0365-b569-46b2-aefb-fec4a7e03d61 with new confidence 0.76
INFO:Orchestrator:🔍 Best Candidate cam-01: Sim=0.92 Streak=2 (Event 5f1d0365-b569-46b2-aefb-fec4a7e03d61)
INFO:Orchestrator:📸 Added new view to Gallery 5f1d0365-b569-46b2-aefb-fec4a7e03d61 (Size=3)
WARNING:Orchestrator:🚨 ALERT on cam-01: VIOLENCE DETECTED (V:0.77, C:0.00)
INFO:Orchestrator:Updating existing event 5f1d0365-b569-46b2-aefb-fec4a7e03d61 with new confidence 0.77
INFO:Orchestrator:🔍 Best Candidate cam-01: Sim=0.95 Streak=3 (Event 5f1d0365-b569-46b2-aefb-fec4a7e03d61)
INFO:Orchestrator:📸 Added new view to Gallery 5f1d0365-b569-46b2-aefb-fec4a7e03d61 (Size=4)
WARNING:Orchestrator:🚨 ALERT on cam-01: VIOLENCE DETECTED (V:0.78, C:0.00)
INFO:Orchestrator:Updating existing event 5f1d0365-b569-46b2-aefb-fec4a7e03d61 with new confidence 0.78
INFO:Orchestrator:🔍 Best Candidate cam-01: Sim=0.93 Streak=4 (Event 5f1d0365-b569-46b2-aefb-fec4a7e03d61)
INFO:Orchestrator:📸 Added new view to Gallery 5f1d0365-b569-46b2-aefb-fec4a7e03d61 (Size=5)
WARNING:Orchestrator:🚨 ALERT on cam-01: VIOLENCE DETECTED (V:0.79, C:0.00)
INFO:Orchestrator:Updating existing event 5f1d0365-b569-46b2-aefb-fec4a7e03d61 with new confidence 0.79
INFO:Orchestrator:🚀 Activating cam-02 NOW (Delay Complete)
INFO:Orchestrator:🚀 Activating cam-05 NOW (Delay Complete)
INFO:Orchestrator:🔍 Best Candidate cam-01: Sim=0.98 Streak=5 (Event 5f1d0365-b569-46b2-aefb-fec4a7e03d61)
WARNING:Orchestrator:🚨 ALERT on cam-01: VIOLENCE DETECTED (V:0.79, C:0.00)
INFO:Orchestrator:Updating existing event 5f1d0365-b569-46b2-aefb-fec4a7e03d61 with new confidence 0.79
INFO:Orchestrator:🔍 Best Candidate cam-01: Sim=0.97 Streak=6 (Event 5f1d0365-b569-46b2-aefb-fec4a7e03d61)
WARNING:Orchestrator:🚨 ALERT on cam-01: VIOLENCE DETECTED (V:0.80, C:0.00)
INFO:Orchestrator:Updating existing event 5f1d0365-b569-46b2-aefb-fec4a7e03d61 with new confidence 0.80
INFO:Orchestrator:🔍 Best Candidate cam-01: Sim=0.95 Streak=7 (Event 5f1d0365-b569-46b2-aefb-fec4a7e03d61)
WARNING:Orchestrator:🚨 ALERT on cam-01: VIOLENCE DETECTED (V:0.81, C:0.00)
INFO:Orchestrator:Updating existing event 5f1d0365-b569-46b2-aefb-fec4a7e03d61 with new confidence 0.81
INFO:Orchestrator:🔍 Best Candidate cam-01: Sim=0.95 Streak=8 (Event 5f1d0365-b569-46b2-aefb-fec4a7e03d61)
WARNING:Orchestrator:🚨 ALERT on cam-01: VIOLENCE DETECTED (V:0.81, C:0.00)
INFO:Orchestrator:Updating existing event 5f1d0365-b569-46b2-aefb-fec4a7e03d61 with new confidence 0.81
INFO:Orchestrator:🔍 Best Candidate cam-01: Sim=0.96 Streak=9 (Event 5f1d0365-b569-46b2-aefb-fec4a7e03d61)
WARNING:Orchestrator:🚨 ALERT on cam-01: VIOLENCE DETECTED (V:0.82, C:0.00)
INFO:Orchestrator:Updating existing event 5f1d0365-b569-46b2-aefb-fec4a7e03d61 with new confidence 0.82
INFO:Orchestrator:🔍 Best Candidate cam-01: Sim=0.96 Streak=10 (Event 5f1d0365-b569-46b2-aefb-fec4a7e03d61)
WARNING:Orchestrator:🚨 ALERT on cam-01: VIOLENCE DETECTED (V:0.83, C:0.00)
INFO:Orchestrator:Updating existing event 5f1d0365-b569-46b2-aefb-fec4a7e03d61 with new confidence 0.83
WARNING:Orchestrator:⛔ REJECTED MATCH cam-01->cam-02: Sim=0.66 Delta=0.08s (Min Req in JSON)
WARNING:Orchestrator:🚨 ALERT on cam-05: VIOLENCE DETECTED (V:0.91, C:0.00)
INFO:Orchestrator:Updating existing event 5f1d0365-b569-46b2-aefb-fec4a7e03d61 with new confidence 0.91
INFO:Orchestrator:🔍 Best Candidate cam-01: Sim=0.95 Streak=11 (Event 5f1d0365-b569-46b2-aefb-fec4a7e03d61)
WARNING:Orchestrator:🚨 ALERT on cam-01: VIOLENCE DETECTED (V:0.84, C:0.00)
INFO:Orchestrator:Updating existing event 5f1d0365-b569-46b2-aefb-fec4a7e03d61 with new confidence 0.84
WARNING:Orchestrator:⛔ REJECTED MATCH cam-01->cam-02: Sim=0.66 Delta=0.07s (Min Req in JSON)
WARNING:Orchestrator:🚨 ALERT on cam-05: VIOLENCE DETECTED (V:0.90, C:0.00)
INFO:Orchestrator:Updating existing event 5f1d0365-b569-46b2-aefb-fec4a7e03d61 with new confidence 0.90
INFO:Orchestrator:🔍 Best Candidate cam-01: Sim=0.95 Streak=12 (Event 5f1d0365-b569-46b2-aefb-fec4a7e03d61)
WARNING:Orchestrator:🚨 ALERT on cam-01: VIOLENCE DETECTED (V:0.84, C:0.00)
INFO:Orchestrator:Updating existing event 5f1d0365-b569-46b2-aefb-fec4a7e03d61 with new confidence 0.84
WARNING:Orchestrator:⛔ REJECTED MATCH cam-01->cam-02: Sim=0.67 Delta=0.07s (Min Req in JSON)
WARNING:Orchestrator:🚨 ALERT on cam-05: VIOLENCE DETECTED (V:0.90, C:0.03)
INFO:Orchestrator:Updating existing event 5f1d0365-b569-46b2-aefb-fec4a7e03d61 with new confidence 0.90
INFO:Orchestrator:🔍 Best Candidate cam-01: Sim=0.94 Streak=13 (Event 5f1d0365-b569-46b2-aefb-fec4a7e03d61)
WARNING:Orchestrator:🚨 ALERT on cam-01: VIOLENCE DETECTED (V:0.85, C:0.00)
INFO:Orchestrator:Updating existing event 5f1d0365-b569-46b2-aefb-fec4a7e03d61 with new confidence 0.85
WARNING:Orchestrator:⛔ REJECTED MATCH cam-01->cam-02: Sim=0.70 Delta=0.08s (Min Req in JSON)
WARNING:Orchestrator:🚨 ALERT on cam-05: VIOLENCE DETECTED (V:0.90, C:0.00)
INFO:Orchestrator:Updating existing event 5f1d0365-b569-46b2-aefb-fec4a7e03d61 with new confidence 0.90
INFO:Orchestrator:🔍 Best Candidate cam-01: Sim=0.94 Streak=14 (Event 5f1d0365-b569-46b2-aefb-fec4a7e03d61)
WARNING:Orchestrator:🚨 ALERT on cam-01: VIOLENCE DETECTED (V:0.85, C:0.00)
INFO:Orchestrator:Updating existing event 5f1d0365-b569-46b2-aefb-fec4a7e03d61 with new confidence 0.85
WARNING:Orchestrator:⛔ REJECTED MATCH cam-01->cam-02: Sim=0.71 Delta=0.08s (Min Req in JSON)
WARNING:Orchestrator:🚨 ALERT on cam-05: VIOLENCE DETECTED (V:0.90, C:0.00)
INFO:Orchestrator:Updating existing event 5f1d0365-b569-46b2-aefb-fec4a7e03d61 with new confidence 0.90
INFO:Orchestrator:🔍 Best Candidate cam-01: Sim=0.95 Streak=15 (Event 5f1d0365-b569-46b2-aefb-fec4a7e03d61)
WARNING:Orchestrator:🚨 ALERT on cam-01: VIOLENCE DETECTED (V:0.85, C:0.00)
INFO:Orchestrator:Updating existing event 5f1d0365-b569-46b2-aefb-fec4a7e03d61 with new confidence 0.85
WARNING:Orchestrator:⛔ REJECTED MATCH cam-01->cam-02: Sim=0.73 Delta=0.07s (Min Req in JSON)
WARNING:Orchestrator:🚨 ALERT on cam-05: VIOLENCE DETECTED (V:0.89, C:0.00)
INFO:Orchestrator:Updating existing event 5f1d0365-b569-46b2-aefb-fec4a7e03d61 with new confidence 0.89
INFO:Orchestrator:🔍 Best Candidate cam-01: Sim=0.94 Streak=16 (Event 5f1d0365-b569-46b2-aefb-fec4a7e03d61)
WARNING:Orchestrator:🚨 ALERT on cam-01: VIOLENCE DETECTED (V:0.85, C:0.00)
INFO:Orchestrator:Updating existing event 5f1d0365-b569-46b2-aefb-fec4a7e03d61 with new confidence 0.85
WARNING:Orchestrator:⛔ REJECTED MATCH cam-01->cam-02: Sim=0.70 Delta=0.07s (Min Req in JSON)
WARNING:Orchestrator:🚨 ALERT on cam-05: VIOLENCE DETECTED (V:0.89, C:0.00)
INFO:Orchestrator:Updating existing event 5f1d0365-b569-46b2-aefb-fec4a7e03d61 with new confidence 0.89
INFO:Orchestrator:🔍 Best Candidate cam-01: Sim=0.93 Streak=17 (Event 5f1d0365-b569-46b2-aefb-fec4a7e03d61)
WARNING:Orchestrator:🚨 ALERT on cam-01: VIOLENCE DETECTED (V:0.86, C:0.00)
INFO:Orchestrator:Updating existing event 5f1d0365-b569-46b2-aefb-fec4a7e03d61 with new confidence 0.86
WARNING:Orchestrator:⛔ REJECTED MATCH cam-01->cam-02: Sim=0.70 Delta=0.08s (Min Req in JSON)
WARNING:Orchestrator:🚨 ALERT on cam-05: VIOLENCE DETECTED (V:0.89, C:0.00)
INFO:Orchestrator:Updating existing event 5f1d0365-b569-46b2-aefb-fec4a7e03d61 with new confidence 0.89
INFO:Orchestrator:🔍 Best Candidate cam-01: Sim=0.93 Streak=18 (Event 5f1d0365-b569-46b2-aefb-fec4a7e03d61)
WARNING:Orchestrator:🚨 ALERT on cam-01: VIOLENCE DETECTED (V:0.86, C:0.00)
INFO:Orchestrator:Updating existing event 5f1d0365-b569-46b2-aefb-fec4a7e03d61 with new confidence 0.86
WARNING:Orchestrator:⛔ REJECTED MATCH cam-01->cam-02: Sim=0.69 Delta=0.08s (Min Req in JSON)
WARNING:Orchestrator:🚨 ALERT on cam-05: VIOLENCE DETECTED (V:0.88, C:0.00)
INFO:Orchestrator:Updating existing event 5f1d0365-b569-46b2-aefb-fec4a7e03d61 with new confidence 0.88
INFO:Orchestrator:🔍 Best Candidate cam-01: Sim=0.92 Streak=19 (Event 5f1d0365-b569-46b2-aefb-fec4a7e03d61)
WARNING:Orchestrator:🚨 ALERT on cam-01: VIOLENCE DETECTED (V:0.86, C:0.00)
INFO:Orchestrator:Updating existing event 5f1d0365-b569-46b2-aefb-fec4a7e03d61 with new confidence 0.86
WARNING:Orchestrator:⛔ REJECTED MATCH cam-01->cam-02: Sim=0.69 Delta=0.08s (Min Req in JSON)
WARNING:Orchestrator:🚨 ALERT on cam-05: VIOLENCE DETECTED (V:0.88, C:0.03)
INFO:Orchestrator:Updating existing event 5f1d0365-b569-46b2-aefb-fec4a7e03d61 with new confidence 0.88
INFO:Orchestrator:🔍 Best Candidate cam-01: Sim=0.92 Streak=20 (Event 5f1d0365-b569-46b2-aefb-fec4a7e03d61)
WARNING:Orchestrator:🚨 ALERT on cam-01: VIOLENCE DETECTED (V:0.85, C:0.00)
INFO:Orchestrator:Updating existing event 5f1d0365-b569-46b2-aefb-fec4a7e03d61 with new confidence 0.85
WARNING:Orchestrator:⛔ REJECTED MATCH cam-01->cam-02: Sim=0.68 Delta=0.08s (Min Req in JSON)
WARNING:Orchestrator:🚨 ALERT on cam-05: VIOLENCE DETECTED (V:0.87, C:0.03)
INFO:Orchestrator:Updating existing event 5f1d0365-b569-46b2-aefb-fec4a7e03d61 with new confidence 0.87
INFO:Orchestrator:🔍 Best Candidate cam-01: Sim=0.92 Streak=21 (Event 5f1d0365-b569-46b2-aefb-fec4a7e03d61)
WARNING:Orchestrator:🚨 ALERT on cam-01: VIOLENCE DETECTED (V:0.85, C:0.00)
INFO:Orchestrator:Updating existing event 5f1d0365-b569-46b2-aefb-fec4a7e03d61 with new confidence 0.85
WARNING:Orchestrator:⛔ REJECTED MATCH cam-01->cam-02: Sim=0.68 Delta=0.08s (Min Req in JSON)
WARNING:Orchestrator:🚨 ALERT on cam-05: VIOLENCE DETECTED (V:0.86, C:0.03)
INFO:Orchestrator:Updating existing event 5f1d0365-b569-46b2-aefb-fec4a7e03d61 with new confidence 0.86
INFO:Orchestrator:🔍 Best Candidate cam-01: Sim=0.89 Streak=22 (Event 5f1d0365-b569-46b2-aefb-fec4a7e03d61)
WARNING:Orchestrator:🚨 ALERT on cam-01: VIOLENCE DETECTED (V:0.85, C:0.00)
INFO:Orchestrator:Updating existing event 5f1d0365-b569-46b2-aefb-fec4a7e03d61 with new confidence 0.85
WARNING:Orchestrator:⛔ REJECTED MATCH cam-01->cam-02: Sim=0.69 Delta=0.08s (Min Req in JSON)
WARNING:Orchestrator:🚨 ALERT on cam-05: VIOLENCE DETECTED (V:0.85, C:0.04)
INFO:Orchestrator:Updating existing event 5f1d0365-b569-46b2-aefb-fec4a7e03d61 with new confidence 0.85
INFO:Orchestrator:🔍 Best Candidate cam-01: Sim=0.87 Streak=23 (Event 5f1d0365-b569-46b2-aefb-fec4a7e03d61)
WARNING:Orchestrator:🚨 ALERT on cam-01: VIOLENCE DETECTED (V:0.85, C:0.00)
INFO:Orchestrator:Updating existing event 5f1d0365-b569-46b2-aefb-fec4a7e03d61 with new confidence 0.85
WARNING:Orchestrator:⛔ REJECTED MATCH cam-01->cam-02: Sim=0.65 Delta=0.08s (Min Req in JSON)
WARNING:Orchestrator:🚨 ALERT on cam-05: VIOLENCE DETECTED (V:0.85, C:0.04)
INFO:Orchestrator:Updating existing event 5f1d0365-b569-46b2-aefb-fec4a7e03d61 with new confidence 0.85
INFO:Orchestrator:🔍 Best Candidate cam-01: Sim=0.88 Streak=24 (Event 5f1d0365-b569-46b2-aefb-fec4a7e03d61)
WARNING:Orchestrator:🚨 ALERT on cam-01: VIOLENCE DETECTED (V:0.84, C:0.00)
INFO:Orchestrator:Updating existing event 5f1d0365-b569-46b2-aefb-fec4a7e03d61 with new confidence 0.84
WARNING:Orchestrator:⛔ REJECTED MATCH cam-01->cam-02: Sim=0.70 Delta=0.08s (Min Req in JSON)
WARNING:Orchestrator:🚨 ALERT on cam-05: VIOLENCE DETECTED (V:0.84, C:0.00)
INFO:Orchestrator:Updating existing event 5f1d0365-b569-46b2-aefb-fec4a7e03d61 with new confidence 0.84
INFO:Orchestrator:🔍 Best Candidate cam-01: Sim=0.89 Streak=25 (Event 5f1d0365-b569-46b2-aefb-fec4a7e03d61)
WARNING:Orchestrator:🚨 ALERT on cam-01: VIOLENCE DETECTED (V:0.84, C:0.00)
INFO:Orchestrator:Updating existing event 5f1d0365-b569-46b2-aefb-fec4a7e03d61 with new confidence 0.84
WARNING:Orchestrator:⛔ REJECTED MATCH cam-01->cam-02: Sim=0.69 Delta=0.08s (Min Req in JSON)
WARNING:Orchestrator:🚨 ALERT on cam-05: VIOLENCE DETECTED (V:0.83, C:0.00)
INFO:Orchestrator:Updating existing event 5f1d0365-b569-46b2-aefb-fec4a7e03d61 with new confidence 0.83
INFO:Orchestrator:🔍 Best Candidate cam-01: Sim=0.86 Streak=26 (Event 5f1d0365-b569-46b2-aefb-fec4a7e03d61)
WARNING:Orchestrator:🚨 ALERT on cam-01: VIOLENCE DETECTED (V:0.83, C:0.00)
INFO:Orchestrator:Updating existing event 5f1d0365-b569-46b2-aefb-fec4a7e03d61 with new confidence 0.83
WARNING:Orchestrator:⛔ REJECTED MATCH cam-01->cam-02: Sim=0.70 Delta=0.08s (Min Req in JSON)
WARNING:Orchestrator:🚨 ALERT on cam-05: VIOLENCE DETECTED (V:0.83, C:0.00)
INFO:Orchestrator:Updating existing event 5f1d0365-b569-46b2-aefb-fec4a7e03d61 with new confidence 0.83
INFO:Orchestrator:🔍 Best Candidate cam-01: Sim=0.82 Streak=27 (Event 5f1d0365-b569-46b2-aefb-fec4a7e03d61)
WARNING:Orchestrator:🚨 ALERT on cam-01: VIOLENCE DETECTED (V:0.83, C:0.00)
INFO:Orchestrator:Updating existing event 5f1d0365-b569-46b2-aefb-fec4a7e03d61 with new confidence 0.83
WARNING:Orchestrator:⛔ REJECTED MATCH cam-01->cam-02: Sim=0.71 Delta=0.08s (Min Req in JSON)
WARNING:Orchestrator:🚨 ALERT on cam-05: VIOLENCE DETECTED (V:0.83, C:0.04)
INFO:Orchestrator:Updating existing event 5f1d0365-b569-46b2-aefb-fec4a7e03d61 with new confidence 0.83
INFO:Orchestrator:🔍 Best Candidate cam-01: Sim=0.80 Streak=28 (Event 5f1d0365-b569-46b2-aefb-fec4a7e03d61)
INFO:Orchestrator:🧬 ReID MATCH on cam-01: Sim=0.80 Streak=28 (Event 5f1d0365-b569-46b2-aefb-fec4a7e03d61)
INFO:Orchestrator:📌 Locked Track ID 1 to Event 5f1d0365-b569-46b2-aefb-fec4a7e03d61
WARNING:Orchestrator:🚨 ALERT on cam-01: VIOLENCE DETECTED (V:0.82, C:0.00)
INFO:Orchestrator:Updating existing event 5f1d0365-b569-46b2-aefb-fec4a7e03d61 with new confidence 0.82
WARNING:Orchestrator:🚨 ALERT on cam-05: VIOLENCE DETECTED (V:0.83, C:0.04)
INFO:Orchestrator:Updating existing event 5f1d0365-b569-46b2-aefb-fec4a7e03d61 with new confidence 0.83
WARNING:Orchestrator:🚨 ALERT on cam-01: VIOLENCE DETECTED (V:0.82, C:0.00)
INFO:Orchestrator:Updating existing event 5f1d0365-b569-46b2-aefb-fec4a7e03d61 with new confidence 0.82
WARNING:Orchestrator:🚨 ALERT on cam-05: VIOLENCE DETECTED (V:0.83, C:0.03)
INFO:Orchestrator:Updating existing event 5f1d0365-b569-46b2-aefb-fec4a7e03d61 with new confidence 0.83
WARNING:Orchestrator:🚨 ALERT on cam-01: VIOLENCE DETECTED (V:0.82, C:0.00)
INFO:Orchestrator:Updating existing event 5f1d0365-b569-46b2-aefb-fec4a7e03d61 with new confidence 0.82
WARNING:Orchestrator:🚨 ALERT on cam-05: VIOLENCE DETECTED (V:0.83, C:0.03)
INFO:Orchestrator:Updating existing event 5f1d0365-b569-46b2-aefb-fec4a7e03d61 with new confidence 0.83
WARNING:Orchestrator:🚨 ALERT on cam-01: VIOLENCE DETECTED (V:0.81, C:0.00)
INFO:Orchestrator:Updating existing event 5f1d0365-b569-46b2-aefb-fec4a7e03d61 with new confidence 0.81
WARNING:Orchestrator:🚨 ALERT on cam-05: VIOLENCE DETECTED (V:0.82, C:0.04)
INFO:Orchestrator:Updating existing event 5f1d0365-b569-46b2-aefb-fec4a7e03d61 with new confidence 0.82
WARNING:Orchestrator:🚨 ALERT on cam-01: VIOLENCE DETECTED (V:0.81, C:0.00)
INFO:Orchestrator:Updating existing event 5f1d0365-b569-46b2-aefb-fec4a7e03d61 with new confidence 0.81
WARNING:Orchestrator:🚨 ALERT on cam-05: VIOLENCE DETECTED (V:0.82, C:0.04)
INFO:Orchestrator:Updating existing event 5f1d0365-b569-46b2-aefb-fec4a7e03d61 with new confidence 0.82
