INFO:Orchestrator:🚀 Initializing YOLOOrchestrator on mps...
INFO:Orchestrator:✅ Loaded YOLO model: yolo26n.pt
INFO:Orchestrator:✅ Loaded OSNet Feature Extractor
INFO:Orchestrator:✅ Loaded GRU: violence_detection_model.pth
INFO:Orchestrator:✅ Loaded GRU: crowd_anomaly_model.pth
WARNING:Orchestrator:🚨 ALERT on cam-01: VIOLENCE DETECTED (V:0.80, C:0.00)
INFO:Orchestrator:💥 NEW EVENT e0bc1fab-243d-4b0e-bca6-5f05c693325b | Type: VIOLENCE DETECTED
INFO:Orchestrator:⏳ Scheduling activation for cam-02 in 3.0s...
INFO:Orchestrator:⏳ Scheduling activation for cam-05 in 3.0s...
INFO:Orchestrator:🔍 Best Candidate cam-01: Sim=0.89 Streak=1 (Event e0bc1fab-243d-4b0e-bca6-5f05c693325b)
INFO:Orchestrator:📸 Added new view to Gallery e0bc1fab-243d-4b0e-bca6-5f05c693325b (Size=2)
WARNING:Orchestrator:🚨 ALERT on cam-01: VIOLENCE DETECTED (V:0.80, C:0.00)
INFO:Orchestrator:Updating existing event e0bc1fab-243d-4b0e-bca6-5f05c693325b with new confidence 0.80
INFO:Orchestrator:🔍 Best Candidate cam-01: Sim=0.93 Streak=2 (Event e0bc1fab-243d-4b0e-bca6-5f05c693325b)
INFO:Orchestrator:📸 Added new view to Gallery e0bc1fab-243d-4b0e-bca6-5f05c693325b (Size=3)
WARNING:Orchestrator:🚨 ALERT on cam-01: VIOLENCE DETECTED (V:0.80, C:0.00)
INFO:Orchestrator:Updating existing event e0bc1fab-243d-4b0e-bca6-5f05c693325b with new confidence 0.80
INFO:Orchestrator:🔍 Best Candidate cam-01: Sim=0.91 Streak=3 (Event e0bc1fab-243d-4b0e-bca6-5f05c693325b)
INFO:Orchestrator:📸 Added new view to Gallery e0bc1fab-243d-4b0e-bca6-5f05c693325b (Size=4)
WARNING:Orchestrator:🚨 ALERT on cam-01: VIOLENCE DETECTED (V:0.81, C:0.00)
INFO:Orchestrator:Updating existing event e0bc1fab-243d-4b0e-bca6-5f05c693325b with new confidence 0.81
INFO:Orchestrator:🔍 Best Candidate cam-01: Sim=0.89 Streak=4 (Event e0bc1fab-243d-4b0e-bca6-5f05c693325b)
INFO:Orchestrator:📸 Added new view to Gallery e0bc1fab-243d-4b0e-bca6-5f05c693325b (Size=5)
WARNING:Orchestrator:🚨 ALERT on cam-01: VIOLENCE DETECTED (V:0.81, C:0.00)
INFO:Orchestrator:Updating existing event e0bc1fab-243d-4b0e-bca6-5f05c693325b with new confidence 0.81
INFO:Orchestrator:🚀 Activating cam-02 NOW (Delay Complete)
INFO:Orchestrator:🚀 Activating cam-05 NOW (Delay Complete)
INFO:Orchestrator:🔍 Best Candidate cam-01: Sim=0.98 Streak=5 (Event e0bc1fab-243d-4b0e-bca6-5f05c693325b)
WARNING:Orchestrator:🚨 ALERT on cam-01: VIOLENCE DETECTED (V:0.81, C:0.00)
INFO:Orchestrator:Updating existing event e0bc1fab-243d-4b0e-bca6-5f05c693325b with new confidence 0.81
INFO:Orchestrator:🔍 Best Candidate cam-01: Sim=0.96 Streak=6 (Event e0bc1fab-243d-4b0e-bca6-5f05c693325b)
WARNING:Orchestrator:🚨 ALERT on cam-01: VIOLENCE DETECTED (V:0.81, C:0.00)
INFO:Orchestrator:Updating existing event e0bc1fab-243d-4b0e-bca6-5f05c693325b with new confidence 0.81
INFO:Orchestrator:🔍 Best Candidate cam-01: Sim=0.93 Streak=7 (Event e0bc1fab-243d-4b0e-bca6-5f05c693325b)
WARNING:Orchestrator:🚨 ALERT on cam-01: VIOLENCE DETECTED (V:0.82, C:0.00)
INFO:Orchestrator:Updating existing event e0bc1fab-243d-4b0e-bca6-5f05c693325b with new confidence 0.82
INFO:Orchestrator:🔍 Best Candidate cam-01: Sim=0.93 Streak=8 (Event e0bc1fab-243d-4b0e-bca6-5f05c693325b)
WARNING:Orchestrator:🚨 ALERT on cam-01: VIOLENCE DETECTED (V:0.82, C:0.00)
INFO:Orchestrator:Updating existing event e0bc1fab-243d-4b0e-bca6-5f05c693325b with new confidence 0.82
INFO:Orchestrator:🔍 Best Candidate cam-01: Sim=0.93 Streak=9 (Event e0bc1fab-243d-4b0e-bca6-5f05c693325b)
WARNING:Orchestrator:🚨 ALERT on cam-01: VIOLENCE DETECTED (V:0.83, C:0.00)
INFO:Orchestrator:Updating existing event e0bc1fab-243d-4b0e-bca6-5f05c693325b with new confidence 0.83
INFO:Orchestrator:🔍 Best Candidate cam-01: Sim=0.93 Streak=10 (Event e0bc1fab-243d-4b0e-bca6-5f05c693325b)
WARNING:Orchestrator:🚨 ALERT on cam-01: VIOLENCE DETECTED (V:0.83, C:0.00)
INFO:Orchestrator:Updating existing event e0bc1fab-243d-4b0e-bca6-5f05c693325b with new confidence 0.83
INFO:Orchestrator:🔍 Best Candidate cam-02: Sim=0.64 Streak=1 (Event e0bc1fab-243d-4b0e-bca6-5f05c693325b)
WARNING:Orchestrator:🚨 ALERT on cam-05: VIOLENCE DETECTED (V:0.91, C:0.00)
INFO:Orchestrator:Updating existing event e0bc1fab-243d-4b0e-bca6-5f05c693325b with new confidence 0.91
INFO:Orchestrator:⏳ Scheduling activation for cam-06 in 3.0s...
INFO:Orchestrator:🔍 Best Candidate cam-01: Sim=0.91 Streak=11 (Event e0bc1fab-243d-4b0e-bca6-5f05c693325b)
WARNING:Orchestrator:🚨 ALERT on cam-01: VIOLENCE DETECTED (V:0.83, C:0.00)
INFO:Orchestrator:Updating existing event e0bc1fab-243d-4b0e-bca6-5f05c693325b with new confidence 0.83
INFO:Orchestrator:🔍 Best Candidate cam-02: Sim=0.65 Streak=2 (Event e0bc1fab-243d-4b0e-bca6-5f05c693325b)
WARNING:Orchestrator:🚨 ALERT on cam-05: VIOLENCE DETECTED (V:0.91, C:0.00)
INFO:Orchestrator:Updating existing event e0bc1fab-243d-4b0e-bca6-5f05c693325b with new confidence 0.91
INFO:Orchestrator:🔍 Best Candidate cam-01: Sim=0.90 Streak=12 (Event e0bc1fab-243d-4b0e-bca6-5f05c693325b)
WARNING:Orchestrator:🚨 ALERT on cam-01: VIOLENCE DETECTED (V:0.84, C:0.00)
INFO:Orchestrator:Updating existing event e0bc1fab-243d-4b0e-bca6-5f05c693325b with new confidence 0.84
INFO:Orchestrator:🔍 Best Candidate cam-02: Sim=0.65 Streak=3 (Event e0bc1fab-243d-4b0e-bca6-5f05c693325b)
INFO:Orchestrator:🧬 ReID MATCH on cam-02: Sim=0.65 Streak=3 (Event e0bc1fab-243d-4b0e-bca6-5f05c693325b)
INFO:Orchestrator:⏳ Scheduling activation for cam-03 in 3.0s...
INFO:Orchestrator:⏳ Scheduling activation for cam-07 in 3.0s...
INFO:Orchestrator:📌 Locked Track ID 1 to Event e0bc1fab-243d-4b0e-bca6-5f05c693325b
WARNING:Orchestrator:🚨 ALERT on cam-05: VIOLENCE DETECTED (V:0.90, C:0.03)
INFO:Orchestrator:Updating existing event e0bc1fab-243d-4b0e-bca6-5f05c693325b with new confidence 0.90
WARNING:Orchestrator:🚨 ALERT on cam-01: VIOLENCE DETECTED (V:0.84, C:0.00)
INFO:Orchestrator:Updating existing event e0bc1fab-243d-4b0e-bca6-5f05c693325b with new confidence 0.84
WARNING:Orchestrator:🚨 ALERT on cam-05: VIOLENCE DETECTED (V:0.90, C:0.00)
INFO:Orchestrator:Updating existing event e0bc1fab-243d-4b0e-bca6-5f05c693325b with new confidence 0.90
WARNING:Orchestrator:🚨 ALERT on cam-01: VIOLENCE DETECTED (V:0.84, C:0.00)
INFO:Orchestrator:Updating existing event e0bc1fab-243d-4b0e-bca6-5f05c693325b with new confidence 0.84
WARNING:Orchestrator:🚨 ALERT on cam-05: VIOLENCE DETECTED (V:0.90, C:0.00)
INFO:Orchestrator:Updating existing event e0bc1fab-243d-4b0e-bca6-5f05c693325b with new confidence 0.90
INFO:Orchestrator:🚀 Activating cam-06 NOW (Delay Complete)
WARNING:Orchestrator:🚨 ALERT on cam-01: VIOLENCE DETECTED (V:0.84, C:0.00)
INFO:Orchestrator:Updating existing event e0bc1fab-243d-4b0e-bca6-5f05c693325b with new confidence 0.84
WARNING:Orchestrator:🚨 ALERT on cam-05: VIOLENCE DETECTED (V:0.89, C:0.00)
INFO:Orchestrator:Updating existing event e0bc1fab-243d-4b0e-bca6-5f05c693325b with new confidence 0.89
WARNING:Orchestrator:🚨 ALERT on cam-01: VIOLENCE DETECTED (V:0.84, C:0.00)
INFO:Orchestrator:Updating existing event e0bc1fab-243d-4b0e-bca6-5f05c693325b with new confidence 0.84
WARNING:Orchestrator:🚨 ALERT on cam-05: VIOLENCE DETECTED (V:0.89, C:0.00)
INFO:Orchestrator:Updating existing event e0bc1fab-243d-4b0e-bca6-5f05c693325b with new confidence 0.89
INFO:Orchestrator:🚀 Activating cam-03 NOW (Delay Complete)
INFO:Orchestrator:🚀 Activating cam-07 NOW (Delay Complete)
WARNING:Orchestrator:🚨 ALERT on cam-01: VIOLENCE DETECTED (V:0.84, C:0.00)
INFO:Orchestrator:Updating existing event e0bc1fab-243d-4b0e-bca6-5f05c693325b with new confidence 0.84
WARNING:Orchestrator:🚨 ALERT on cam-05: VIOLENCE DETECTED (V:0.88, C:0.00)
INFO:Orchestrator:Updating existing event e0bc1fab-243d-4b0e-bca6-5f05c693325b with new confidence 0.88
WARNING:Orchestrator:🚨 ALERT on cam-01: VIOLENCE DETECTED (V:0.84, C:0.00)
INFO:Orchestrator:Updating existing event e0bc1fab-243d-4b0e-bca6-5f05c693325b with new confidence 0.84
WARNING:Orchestrator:🚨 ALERT on cam-05: VIOLENCE DETECTED (V:0.88, C:0.00)
INFO:Orchestrator:Updating existing event e0bc1fab-243d-4b0e-bca6-5f05c693325b with new confidence 0.88
WARNING:Orchestrator:🚨 ALERT on cam-01: VIOLENCE DETECTED (V:0.84, C:0.00)
INFO:Orchestrator:Updating existing event e0bc1fab-243d-4b0e-bca6-5f05c693325b with new confidence 0.84
WARNING:Orchestrator:🚨 ALERT on cam-05: VIOLENCE DETECTED (V:0.88, C:0.03)
INFO:Orchestrator:Updating existing event e0bc1fab-243d-4b0e-bca6-5f05c693325b with new confidence 0.88
WARNING:Orchestrator:🚨 ALERT on cam-01: VIOLENCE DETECTED (V:0.84, C:0.00)
INFO:Orchestrator:Updating existing event e0bc1fab-243d-4b0e-bca6-5f05c693325b with new confidence 0.84
WARNING:Orchestrator:🚨 ALERT on cam-05: VIOLENCE DETECTED (V:0.87, C:0.03)
INFO:Orchestrator:Updating existing event e0bc1fab-243d-4b0e-bca6-5f05c693325b with new confidence 0.87
WARNING:Orchestrator:🚨 ALERT on cam-01: VIOLENCE DETECTED (V:0.84, C:0.00)
INFO:Orchestrator:Updating existing event e0bc1fab-243d-4b0e-bca6-5f05c693325b with new confidence 0.84
WARNING:Orchestrator:🚨 ALERT on cam-05: VIOLENCE DETECTED (V:0.86, C:0.03)
INFO:Orchestrator:Updating existing event e0bc1fab-243d-4b0e-bca6-5f05c693325b with new confidence 0.86
WARNING:Orchestrator:🚨 ALERT on cam-01: VIOLENCE DETECTED (V:0.83, C:0.00)
INFO:Orchestrator:Updating existing event e0bc1fab-243d-4b0e-bca6-5f05c693325b with new confidence 0.83
WARNING:Orchestrator:🚨 ALERT on cam-05: VIOLENCE DETECTED (V:0.85, C:0.04)
INFO:Orchestrator:Updating existing event e0bc1fab-243d-4b0e-bca6-5f05c693325b with new confidence 0.85
WARNING:Orchestrator:🚨 ALERT on cam-01: VIOLENCE DETECTED (V:0.83, C:0.00)
INFO:Orchestrator:Updating existing event e0bc1fab-243d-4b0e-bca6-5f05c693325b with new confidence 0.83
WARNING:Orchestrator:🚨 ALERT on cam-05: VIOLENCE DETECTED (V:0.85, C:0.04)
INFO:Orchestrator:Updating existing event e0bc1fab-243d-4b0e-bca6-5f05c693325b with new confidence 0.85
WARNING:Orchestrator:🚨 ALERT on cam-01: VIOLENCE DETECTED (V:0.83, C:0.00)
INFO:Orchestrator:Updating existing event e0bc1fab-243d-4b0e-bca6-5f05c693325b with new confidence 0.83
WARNING:Orchestrator:🚨 ALERT on cam-05: VIOLENCE DETECTED (V:0.84, C:0.00)
INFO:Orchestrator:Updating existing event e0bc1fab-243d-4b0e-bca6-5f05c693325b with new confidence 0.84
WARNING:Orchestrator:🚨 ALERT on cam-01: VIOLENCE DETECTED (V:0.82, C:0.00)
INFO:Orchestrator:Updating existing event e0bc1fab-243d-4b0e-bca6-5f05c693325b with new confidence 0.82
WARNING:Orchestrator:🚨 ALERT on cam-05: VIOLENCE DETECTED (V:0.83, C:0.00)
INFO:Orchestrator:Updating existing event e0bc1fab-243d-4b0e-bca6-5f05c693325b with new confidence 0.83
WARNING:Orchestrator:🚨 ALERT on cam-01: VIOLENCE DETECTED (V:0.82, C:0.00)
INFO:Orchestrator:Updating existing event e0bc1fab-243d-4b0e-bca6-5f05c693325b with new confidence 0.82
WARNING:Orchestrator:🚨 ALERT on cam-05: VIOLENCE DETECTED (V:0.83, C:0.00)
INFO:Orchestrator:Updating existing event e0bc1fab-243d-4b0e-bca6-5f05c693325b with new confidence 0.83
WARNING:Orchestrator:🚨 ALERT on cam-01: VIOLENCE DETECTED (V:0.82, C:0.00)
INFO:Orchestrator:Updating existing event e0bc1fab-243d-4b0e-bca6-5f05c693325b with new confidence 0.82
WARNING:Orchestrator:🚨 ALERT on cam-05: VIOLENCE DETECTED (V:0.82, C:0.04)
INFO:Orchestrator:Updating existing event e0bc1fab-243d-4b0e-bca6-5f05c693325b with new confidence 0.82
WARNING:Orchestrator:🚨 ALERT on cam-01: VIOLENCE DETECTED (V:0.81, C:0.00)
INFO:Orchestrator:Updating existing event e0bc1fab-243d-4b0e-bca6-5f05c693325b with new confidence 0.81
WARNING:Orchestrator:🚨 ALERT on cam-05: VIOLENCE DETECTED (V:0.82, C:0.04)
INFO:Orchestrator:Updating existing event e0bc1fab-243d-4b0e-bca6-5f05c693325b with new confidence 0.82
WARNING:Orchestrator:🚨 ALERT on cam-01: VIOLENCE DETECTED (V:0.81, C:0.00)
INFO:Orchestrator:Updating existing event e0bc1fab-243d-4b0e-bca6-5f05c693325b with new confidence 0.81
WARNING:Orchestrator:🚨 ALERT on cam-05: VIOLENCE DETECTED (V:0.82, C:0.03)
INFO:Orchestrator:Updating existing event e0bc1fab-243d-4b0e-bca6-5f05c693325b with new confidence 0.82
WARNING:Orchestrator:🚨 ALERT on cam-01: VIOLENCE DETECTED (V:0.81, C:0.00)
INFO:Orchestrator:Updating existing event e0bc1fab-243d-4b0e-bca6-5f05c693325b with new confidence 0.81
WARNING:Orchestrator:🚨 ALERT on cam-05: VIOLENCE DETECTED (V:0.83, C:0.03)
INFO:Orchestrator:Updating existing event e0bc1fab-243d-4b0e-bca6-5f05c693325b with new confidence 0.83
WARNING:Orchestrator:🚨 ALERT on cam-01: VIOLENCE DETECTED (V:0.80, C:0.00)
INFO:Orchestrator:Updating existing event e0bc1fab-243d-4b0e-bca6-5f05c693325b with new confidence 0.80
WARNING:Orchestrator:🚨 ALERT on cam-05: VIOLENCE DETECTED (V:0.82, C:0.04)
INFO:Orchestrator:Updating existing event e0bc1fab-243d-4b0e-bca6-5f05c693325b with new confidence 0.82
WARNING:Orchestrator:🚨 ALERT on cam-01: VIOLENCE DETECTED (V:0.80, C:0.00)
INFO:Orchestrator:Updating existing event e0bc1fab-243d-4b0e-bca6-5f05c693325b with new confidence 0.80
WARNING:Orchestrator:🚨 ALERT on cam-05: VIOLENCE DETECTED (V:0.81, C:0.04)
INFO:Orchestrator:Updating existing event e0bc1fab-243d-4b0e-bca6-5f05c693325b with new confidence 0.81
WARNING:Orchestrator:🚨 ALERT on cam-01: VIOLENCE DETECTED (V:0.80, C:0.00)
INFO:Orchestrator:Updating existing event e0bc1fab-243d-4b0e-bca6-5f05c693325b with new confidence 0.80
WARNING:Orchestrator:🚨 ALERT on cam-05: VIOLENCE DETECTED (V:0.81, C:0.05)
INFO:Orchestrator:Updating existing event e0bc1fab-243d-4b0e-bca6-5f05c693325b with new confidence 0.81
WARNING:Orchestrator:🚨 ALERT on cam-01: VIOLENCE DETECTED (V:0.79, C:0.00)
INFO:Orchestrator:Updating existing event e0bc1fab-243d-4b0e-bca6-5f05c693325b with new confidence 0.79
WARNING:Orchestrator:🚨 ALERT on cam-05: VIOLENCE DETECTED (V:0.80, C:0.05)
INFO:Orchestrator:Updating existing event e0bc1fab-243d-4b0e-bca6-5f05c693325b with new confidence 0.80
WARNING:Orchestrator:🚨 ALERT on cam-01: VIOLENCE DETECTED (V:0.79, C:0.00)
INFO:Orchestrator:Updating existing event e0bc1fab-243d-4b0e-bca6-5f05c693325b with new confidence 0.79
WARNING:Orchestrator:🚨 ALERT on cam-05: VIOLENCE DETECTED (V:0.79, C:0.06)
INFO:Orchestrator:Updating existing event e0bc1fab-243d-4b0e-bca6-5f05c693325b with new confidence 0.79
WARNING:Orchestrator:🚨 ALERT on cam-01: VIOLENCE DETECTED (V:0.78, C:0.00)
INFO:Orchestrator:Updating existing event e0bc1fab-243d-4b0e-bca6-5f05c693325b with new confidence 0.78
WARNING:Orchestrator:🚨 ALERT on cam-05: VIOLENCE DETECTED (V:0.79, C:0.06)
INFO:Orchestrator:Updating existing event e0bc1fab-243d-4b0e-bca6-5f05c693325b with new confidence 0.79
WARNING:Orchestrator:🚨 ALERT on cam-01: VIOLENCE DETECTED (V:0.77, C:0.00)
INFO:Orchestrator:Updating existing event e0bc1fab-243d-4b0e-bca6-5f05c693325b with new confidence 0.77
WARNING:Orchestrator:🚨 ALERT on cam-05: VIOLENCE DETECTED (V:0.79, C:0.06)
INFO:Orchestrator:Updating existing event e0bc1fab-243d-4b0e-bca6-5f05c693325b with new confidence 0.79
INFO:Orchestrator:🔍 Best Candidate cam-06: Sim=0.61 Streak=1 (Event e0bc1fab-243d-4b0e-bca6-5f05c693325b)
WARNING:Orchestrator:🚨 ALERT on cam-06: VIOLENCE DETECTED (V:0.85, C:0.00)
INFO:Orchestrator:Updating existing event e0bc1fab-243d-4b0e-bca6-5f05c693325b with new confidence 0.85
WARNING:Orchestrator:🚨 ALERT on cam-01: VIOLENCE DETECTED (V:0.77, C:0.00)
INFO:Orchestrator:Updating existing event e0bc1fab-243d-4b0e-bca6-5f05c693325b with new confidence 0.77
WARNING:Orchestrator:🚨 ALERT on cam-05: VIOLENCE DETECTED (V:0.79, C:0.06)
INFO:Orchestrator:Updating existing event e0bc1fab-243d-4b0e-bca6-5f05c693325b with new confidence 0.79
INFO:Orchestrator:🔍 Best Candidate cam-06: Sim=0.62 Streak=2 (Event e0bc1fab-243d-4b0e-bca6-5f05c693325b)
WARNING:Orchestrator:🚨 ALERT on cam-06: VIOLENCE DETECTED (V:0.84, C:0.00)
INFO:Orchestrator:Updating existing event e0bc1fab-243d-4b0e-bca6-5f05c693325b with new confidence 0.84
WARNING:Orchestrator:🚨 ALERT on cam-01: VIOLENCE DETECTED (V:0.76, C:0.00)
INFO:Orchestrator:Updating existing event e0bc1fab-243d-4b0e-bca6-5f05c693325b with new confidence 0.76
WARNING:Orchestrator:🚨 ALERT on cam-05: VIOLENCE DETECTED (V:0.79, C:0.00)
INFO:Orchestrator:Updating existing event e0bc1fab-243d-4b0e-bca6-5f05c693325b with new confidence 0.79
INFO:Orchestrator:🔍 Best Candidate cam-06: Sim=0.64 Streak=3 (Event e0bc1fab-243d-4b0e-bca6-5f05c693325b)
INFO:Orchestrator:🧬 ReID MATCH on cam-06: Sim=0.64 Streak=3 (Event e0bc1fab-243d-4b0e-bca6-5f05c693325b)
INFO:Orchestrator:📌 Locked Track ID 2 to Event e0bc1fab-243d-4b0e-bca6-5f05c693325b
WARNING:Orchestrator:🚨 ALERT on cam-06: VIOLENCE DETECTED (V:0.83, C:0.00)
INFO:Orchestrator:Updating existing event e0bc1fab-243d-4b0e-bca6-5f05c693325b with new confidence 0.83
WARNING:Orchestrator:🚨 ALERT on cam-01: VIOLENCE DETECTED (V:0.75, C:0.00)
INFO:Orchestrator:Updating existing event e0bc1fab-243d-4b0e-bca6-5f05c693325b with new confidence 0.75
WARNING:Orchestrator:🚨 ALERT on cam-05: VIOLENCE DETECTED (V:0.80, C:0.00)
INFO:Orchestrator:Updating existing event e0bc1fab-243d-4b0e-bca6-5f05c693325b with new confidence 0.80
WARNING:Orchestrator:🚨 ALERT on cam-06: VIOLENCE DETECTED (V:0.81, C:0.00)
INFO:Orchestrator:Updating existing event e0bc1fab-243d-4b0e-bca6-5f05c693325b with new confidence 0.81
WARNING:Orchestrator:🚨 ALERT on cam-05: VIOLENCE DETECTED (V:0.80, C:0.00)
INFO:Orchestrator:Updating existing event e0bc1fab-243d-4b0e-bca6-5f05c693325b with new confidence 0.80
WARNING:Orchestrator:🚨 ALERT on cam-06: VIOLENCE DETECTED (V:0.79, C:0.00)
INFO:Orchestrator:Updating existing event e0bc1fab-243d-4b0e-bca6-5f05c693325b with new confidence 0.79
WARNING:Orchestrator:🚨 ALERT on cam-05: VIOLENCE DETECTED (V:0.79, C:0.00)
INFO:Orchestrator:Updating existing event e0bc1fab-243d-4b0e-bca6-5f05c693325b with new confidence 0.79
WARNING:Orchestrator:🚨 ALERT on cam-06: VIOLENCE DETECTED (V:0.77, C:0.00)
INFO:Orchestrator:Updating existing event e0bc1fab-243d-4b0e-bca6-5f05c693325b with new confidence 0.77
WARNING:Orchestrator:🚨 ALERT on cam-05: VIOLENCE DETECTED (V:0.79, C:0.00)
INFO:Orchestrator:Updating existing event e0bc1fab-243d-4b0e-bca6-5f05c693325b with new confidence 0.79
WARNING:Orchestrator:🚨 ALERT on cam-05: VIOLENCE DETECTED (V:0.79, C:0.00)
INFO:Orchestrator:Updating existing event e0bc1fab-243d-4b0e-bca6-5f05c693325b with new confidence 0.79
WARNING:Orchestrator:🚨 ALERT on cam-05: VIOLENCE DETECTED (V:0.79, C:0.04)
INFO:Orchestrator:Updating existing event e0bc1fab-243d-4b0e-bca6-5f05c693325b with new confidence 0.79
WARNING:Orchestrator:🚨 ALERT on cam-05: VIOLENCE DETECTED (V:0.79, C:0.03)
INFO:Orchestrator:Updating existing event e0bc1fab-243d-4b0e-bca6-5f05c693325b with new confidence 0.79
WARNING:Orchestrator:🚨 ALERT on cam-05: VIOLENCE DETECTED (V:0.79, C:0.03)
INFO:Orchestrator:Updating existing event e0bc1fab-243d-4b0e-bca6-5f05c693325b with new confidence 0.79
WARNING:Orchestrator:🚨 ALERT on cam-05: VIOLENCE DETECTED (V:0.79, C:0.03)
INFO:Orchestrator:Updating existing event e0bc1fab-243d-4b0e-bca6-5f05c693325b with new confidence 0.79
WARNING:Orchestrator:🚨 ALERT on cam-05: VIOLENCE DETECTED (V:0.78, C:0.00)
INFO:Orchestrator:Updating existing event e0bc1fab-243d-4b0e-bca6-5f05c693325b with new confidence 0.78
WARNING:Orchestrator:🚨 ALERT on cam-05: VIOLENCE DETECTED (V:0.79, C:0.00)
INFO:Orchestrator:Updating existing event e0bc1fab-243d-4b0e-bca6-5f05c693325b with new confidence 0.79
WARNING:Orchestrator:🚨 ALERT on cam-05: VIOLENCE DETECTED (V:0.78, C:0.00)
INFO:Orchestrator:Updating existing event e0bc1fab-243d-4b0e-bca6-5f05c693325b with new confidence 0.78
WARNING:Orchestrator:🚨 ALERT on cam-05: VIOLENCE DETECTED (V:0.79, C:0.03)
INFO:Orchestrator:Updating existing event e0bc1fab-243d-4b0e-bca6-5f05c693325b with new confidence 0.79
WARNING:Orchestrator:🚨 ALERT on cam-05: VIOLENCE DETECTED (V:0.79, C:0.03)
INFO:Orchestrator:Updating existing event e0bc1fab-243d-4b0e-bca6-5f05c693325b with new confidence 0.79
WARNING:Orchestrator:🚨 ALERT on cam-05: VIOLENCE DETECTED (V:0.79, C:0.03)
INFO:Orchestrator:Updating existing event e0bc1fab-243d-4b0e-bca6-5f05c693325b with new confidence 0.79
WARNING:Orchestrator:🚨 ALERT on cam-05: VIOLENCE DETECTED (V:0.80, C:0.00)
INFO:Orchestrator:Updating existing event e0bc1fab-243d-4b0e-bca6-5f05c693325b with new confidence 0.80
WARNING:Orchestrator:🚨 ALERT on cam-05: VIOLENCE DETECTED (V:0.80, C:0.00)
INFO:Orchestrator:Updating existing event e0bc1fab-243d-4b0e-bca6-5f05c693325b with new confidence 0.80
WARNING:Orchestrator:🚨 ALERT on cam-05: VIOLENCE DETECTED (V:0.79, C:0.00)
INFO:Orchestrator:Updating existing event e0bc1fab-243d-4b0e-bca6-5f05c693325b with new confidence 0.79
WARNING:Orchestrator:🚨 ALERT on cam-05: VIOLENCE DETECTED (V:0.79, C:0.00)
INFO:Orchestrator:Updating existing event e0bc1fab-243d-4b0e-bca6-5f05c693325b with new confidence 0.79
WARNING:Orchestrator:🚨 ALERT on cam-05: VIOLENCE DETECTED (V:0.79, C:0.00)
INFO:Orchestrator:Updating existing event e0bc1fab-243d-4b0e-bca6-5f05c693325b with new confidence 0.79
WARNING:Orchestrator:🚨 ALERT on cam-05: VIOLENCE DETECTED (V:0.80, C:0.04)
INFO:Orchestrator:Updating existing event e0bc1fab-243d-4b0e-bca6-5f05c693325b with new confidence 0.80
WARNING:Orchestrator:🚨 ALERT on cam-05: VIOLENCE DETECTED (V:0.80, C:0.04)
INFO:Orchestrator:Updating existing event e0bc1fab-243d-4b0e-bca6-5f05c693325b with new confidence 0.80
WARNING:Orchestrator:🚨 ALERT on cam-05: VIOLENCE DETECTED (V:0.82, C:0.00)
INFO:Orchestrator:Updating existing event e0bc1fab-243d-4b0e-bca6-5f05c693325b with new confidence 0.82
WARNING:Orchestrator:🚨 ALERT on cam-05: VIOLENCE DETECTED (V:0.82, C:0.00)
INFO:Orchestrator:Updating existing event e0bc1fab-243d-4b0e-bca6-5f05c693325b with new confidence 0.82
WARNING:Orchestrator:🚨 ALERT on cam-05: VIOLENCE DETECTED (V:0.83, C:0.00)
INFO:Orchestrator:Updating existing event e0bc1fab-243d-4b0e-bca6-5f05c693325b with new confidence 0.83
WARNING:Orchestrator:🚨 ALERT on cam-05: VIOLENCE DETECTED (V:0.84, C:0.00)
INFO:Orchestrator:Updating existing event e0bc1fab-243d-4b0e-bca6-5f05c693325b with new confidence 0.84
WARNING:Orchestrator:🚨 ALERT on cam-05: VIOLENCE DETECTED (V:0.85, C:0.00)
INFO:Orchestrator:Updating existing event e0bc1fab-243d-4b0e-bca6-5f05c693325b with new confidence 0.85
WARNING:Orchestrator:🚨 ALERT on cam-05: VIOLENCE DETECTED (V:0.86, C:0.00)
INFO:Orchestrator:Updating existing event e0bc1fab-243d-4b0e-bca6-5f05c693325b with new confidence 0.86
WARNING:Orchestrator:🚨 ALERT on cam-05: VIOLENCE DETECTED (V:0.87, C:0.00)
INFO:Orchestrator:Updating existing event e0bc1fab-243d-4b0e-bca6-5f05c693325b with new confidence 0.87
WARNING:Orchestrator:🚨 ALERT on cam-05: VIOLENCE DETECTED (V:0.88, C:0.00)
INFO:Orchestrator:Updating existing event e0bc1fab-243d-4b0e-bca6-5f05c693325b with new confidence 0.88
WARNING:Orchestrator:🚨 ALERT on cam-05: VIOLENCE DETECTED (V:0.88, C:0.00)
INFO:Orchestrator:Updating existing event e0bc1fab-243d-4b0e-bca6-5f05c693325b with new confidence 0.88
WARNING:Orchestrator:🚨 ALERT on cam-05: VIOLENCE DETECTED (V:0.89, C:0.00)
INFO:Orchestrator:Updating existing event e0bc1fab-243d-4b0e-bca6-5f05c693325b with new confidence 0.89
/Users/yuva/development/violenceDetection/orchestration/yolo_orchestrator.py:149: UserWarning: To copy construct from a tensor, it is recommended to use sourceTensor.detach().clone() or sourceTensor.detach().clone().requires_grad_(True), rather than torch.tensor(sourceTensor).
  frame_buffer.append(torch.tensor(primary_feature, dtype=torch.float32))
WARNING:Orchestrator:🚨 ALERT on cam-05: VIOLENCE DETECTED (V:0.89, C:0.00)
INFO:Orchestrator:Updating existing event e0bc1fab-243d-4b0e-bca6-5f05c693325b with new confidence 0.89
WARNING:Orchestrator:🚨 ALERT on cam-05: VIOLENCE DETECTED (V:0.90, C:0.00)
INFO:Orchestrator:Updating existing event e0bc1fab-243d-4b0e-bca6-5f05c693325b with new confidence 0.90
WARNING:Orchestrator:🚨 ALERT on cam-05: VIOLENCE DETECTED (V:0.90, C:0.00)
INFO:Orchestrator:Updating existing event e0bc1fab-243d-4b0e-bca6-5f05c693325b with new confidence 0.90
WARNING:Orchestrator:🚨 ALERT on cam-05: VIOLENCE DETECTED (V:0.90, C:0.03)
INFO:Orchestrator:Updating existing event e0bc1fab-243d-4b0e-bca6-5f05c693325b with new confidence 0.90
WARNING:Orchestrator:🚨 ALERT on cam-05: VIOLENCE DETECTED (V:0.91, C:0.00)
INFO:Orchestrator:Updating existing event e0bc1fab-243d-4b0e-bca6-5f05c693325b with new confidence 0.91
WARNING:Orchestrator:🚨 ALERT on cam-05: VIOLENCE DETECTED (V:0.91, C:0.00)
INFO:Orchestrator:Updating existing event e0bc1fab-243d-4b0e-bca6-5f05c693325b with new confidence 0.91
WARNING:Orchestrator:🚨 ALERT on cam-05: VIOLENCE DETECTED (V:0.91, C:0.00)
INFO:Orchestrator:Updating existing event e0bc1fab-243d-4b0e-bca6-5f05c693325b with new confidence 0.91
WARNING:Orchestrator:🚨 ALERT on cam-05: VIOLENCE DETECTED (V:0.91, C:0.00)
INFO:Orchestrator:Updating existing event e0bc1fab-243d-4b0e-bca6-5f05c693325b with new confidence 0.91
WARNING:Orchestrator:🚨 ALERT on cam-05: VIOLENCE DETECTED (V:0.91, C:0.00)
INFO:Orchestrator:Updating existing event e0bc1fab-243d-4b0e-bca6-5f05c693325b with new confidence 0.91
WARNING:Orchestrator:🚨 ALERT on cam-05: VIOLENCE DETECTED (V:0.91, C:0.00)
INFO:Orchestrator:Updating existing event e0bc1fab-243d-4b0e-bca6-5f05c693325b with new confidence 0.91
WARNING:Orchestrator:🚨 ALERT on cam-05: VIOLENCE DETECTED (V:0.90, C:0.03)
INFO:Orchestrator:Updating existing event e0bc1fab-243d-4b0e-bca6-5f05c693325b with new confidence 0.90
WARNING:Orchestrator:🚨 ALERT on cam-05: VIOLENCE DETECTED (V:0.90, C:0.04)
INFO:Orchestrator:Updating existing event e0bc1fab-243d-4b0e-bca6-5f05c693325b with new confidence 0.90
WARNING:Orchestrator:🚨 ALERT on cam-01: VIOLENCE DETECTED (V:0.75, C:0.00)
INFO:Orchestrator:Updating existing event e0bc1fab-243d-4b0e-bca6-5f05c693325b with new confidence 0.75
WARNING:Orchestrator:🚨 ALERT on cam-05: VIOLENCE DETECTED (V:0.89, C:0.00)
INFO:Orchestrator:Updating existing event e0bc1fab-243d-4b0e-bca6-5f05c693325b with new confidence 0.89
WARNING:Orchestrator:🚨 ALERT on cam-05: VIOLENCE DETECTED (V:0.89, C:0.00)
INFO:Orchestrator:Updating existing event e0bc1fab-243d-4b0e-bca6-5f05c693325b with new confidence 0.89
WARNING:Orchestrator:🚨 ALERT on cam-05: VIOLENCE DETECTED (V:0.88, C:0.03)
INFO:Orchestrator:Updating existing event e0bc1fab-243d-4b0e-bca6-5f05c693325b with new confidence 0.88
WARNING:Orchestrator:🚨 ALERT on cam-05: VIOLENCE DETECTED (V:0.88, C:0.03)
INFO:Orchestrator:Updating existing event e0bc1fab-243d-4b0e-bca6-5f05c693325b with new confidence 0.88
WARNING:Orchestrator:🚨 ALERT on cam-05: VIOLENCE DETECTED (V:0.87, C:0.03)
INFO:Orchestrator:Updating existing event e0bc1fab-243d-4b0e-bca6-5f05c693325b with new confidence 0.87
WARNING:Orchestrator:🚨 ALERT on cam-05: VIOLENCE DETECTED (V:0.87, C:0.03)
INFO:Orchestrator:Updating existing event e0bc1fab-243d-4b0e-bca6-5f05c693325b with new confidence 0.87
WARNING:Orchestrator:🚨 ALERT on cam-05: VIOLENCE DETECTED (V:0.87, C:0.00)
INFO:Orchestrator:Updating existing event e0bc1fab-243d-4b0e-bca6-5f05c693325b with new confidence 0.87
WARNING:Orchestrator:🚨 ALERT on cam-05: VIOLENCE DETECTED (V:0.86, C:0.02)
INFO:Orchestrator:Updating existing event e0bc1fab-243d-4b0e-bca6-5f05c693325b with new confidence 0.86
WARNING:Orchestrator:🚨 ALERT on cam-05: VIOLENCE DETECTED (V:0.86, C:0.02)
INFO:Orchestrator:Updating existing event e0bc1fab-243d-4b0e-bca6-5f05c693325b with new confidence 0.86
WARNING:Orchestrator:🚨 ALERT on cam-05: VIOLENCE DETECTED (V:0.86, C:0.00)
INFO:Orchestrator:Updating existing event e0bc1fab-243d-4b0e-bca6-5f05c693325b with new confidence 0.86
WARNING:Orchestrator:🚨 ALERT on cam-05: VIOLENCE DETECTED (V:0.85, C:0.00)
INFO:Orchestrator:Updating existing event e0bc1fab-243d-4b0e-bca6-5f05c693325b with new confidence 0.85
WARNING:Orchestrator:🚨 ALERT on cam-05: VIOLENCE DETECTED (V:0.85, C:0.00)
INFO:Orchestrator:Updating existing event e0bc1fab-243d-4b0e-bca6-5f05c693325b with new confidence 0.85
WARNING:Orchestrator:🚨 ALERT on cam-05: VIOLENCE DETECTED (V:0.85, C:0.00)
INFO:Orchestrator:Updating existing event e0bc1fab-243d-4b0e-bca6-5f05c693325b with new confidence 0.85
WARNING:Orchestrator:🚨 ALERT on cam-05: VIOLENCE DETECTED (V:0.84, C:0.00)
INFO:Orchestrator:Updating existing event e0bc1fab-243d-4b0e-bca6-5f05c693325b with new confidence 0.84
WARNING:Orchestrator:🚨 ALERT on cam-05: VIOLENCE DETECTED (V:0.84, C:0.03)
INFO:Orchestrator:Updating existing event e0bc1fab-243d-4b0e-bca6-5f05c693325b with new confidence 0.84
WARNING:Orchestrator:🚨 ALERT on cam-05: VIOLENCE DETECTED (V:0.84, C:0.00)
INFO:Orchestrator:Updating existing event e0bc1fab-243d-4b0e-bca6-5f05c693325b with new confidence 0.84
WARNING:Orchestrator:🚨 ALERT on cam-05: VIOLENCE DETECTED (V:0.85, C:0.00)
INFO:Orchestrator:Updating existing event e0bc1fab-243d-4b0e-bca6-5f05c693325b with new confidence 0.85
WARNING:Orchestrator:🚨 ALERT on cam-05: VIOLENCE DETECTED (V:0.85, C:0.00)
INFO:Orchestrator:Updating existing event e0bc1fab-243d-4b0e-bca6-5f05c693325b with new confidence 0.85
WARNING:Orchestrator:🚨 ALERT on cam-05: VIOLENCE DETECTED (V:0.85, C:0.00)
INFO:Orchestrator:Updating existing event e0bc1fab-243d-4b0e-bca6-5f05c693325b with new confidence 0.85
WARNING:Orchestrator:🚨 ALERT on cam-05: VIOLENCE DETECTED (V:0.85, C:0.00)
INFO:Orchestrator:Updating existing event e0bc1fab-243d-4b0e-bca6-5f05c693325b with new confidence 0.85
WARNING:Orchestrator:🚨 ALERT on cam-05: VIOLENCE DETECTED (V:0.85, C:0.00)
INFO:Orchestrator:Updating existing event e0bc1fab-243d-4b0e-bca6-5f05c693325b with new confidence 0.85
WARNING:Orchestrator:🚨 ALERT on cam-05: VIOLENCE DETECTED (V:0.85, C:0.00)
INFO:Orchestrator:Updating existing event e0bc1fab-243d-4b0e-bca6-5f05c693325b with new confidence 0.85
WARNING:Orchestrator:🚨 ALERT on cam-01: VIOLENCE DETECTED (V:0.77, C:0.00)
INFO:Orchestrator:Updating existing event e0bc1fab-243d-4b0e-bca6-5f05c693325b with new confidence 0.77
WARNING:Orchestrator:🚨 ALERT on cam-05: VIOLENCE DETECTED (V:0.84, C:0.00)
INFO:Orchestrator:Updating existing event e0bc1fab-243d-4b0e-bca6-5f05c693325b with new confidence 0.84
WARNING:Orchestrator:🚨 ALERT on cam-01: VIOLENCE DETECTED (V:0.79, C:0.00)
INFO:Orchestrator:Updating existing event e0bc1fab-243d-4b0e-bca6-5f05c693325b with new confidence 0.79
WARNING:Orchestrator:🚨 ALERT on cam-05: VIOLENCE DETECTED (V:0.84, C:0.00)
INFO:Orchestrator:Updating existing event e0bc1fab-243d-4b0e-bca6-5f05c693325b with new confidence 0.84
WARNING:Orchestrator:🚨 ALERT on cam-01: VIOLENCE DETECTED (V:0.81, C:0.00)
INFO:Orchestrator:Updating existing event e0bc1fab-243d-4b0e-bca6-5f05c693325b with new confidence 0.81
WARNING:Orchestrator:🚨 ALERT on cam-05: VIOLENCE DETECTED (V:0.83, C:0.00)
INFO:Orchestrator:Updating existing event e0bc1fab-243d-4b0e-bca6-5f05c693325b with new confidence 0.83
WARNING:Orchestrator:🚨 ALERT on cam-01: VIOLENCE DETECTED (V:0.83, C:0.00)
INFO:Orchestrator:Updating existing event e0bc1fab-243d-4b0e-bca6-5f05c693325b with new confidence 0.83
WARNING:Orchestrator:🚨 ALERT on cam-05: VIOLENCE DETECTED (V:0.83, C:0.00)
INFO:Orchestrator:Updating existing event e0bc1fab-243d-4b0e-bca6-5f05c693325b with new confidence 0.83
WARNING:Orchestrator:🚨 ALERT on cam-01: VIOLENCE DETECTED (V:0.84, C:0.00)
INFO:Orchestrator:Updating existing event e0bc1fab-243d-4b0e-bca6-5f05c693325b with new confidence 0.84
WARNING:Orchestrator:🚨 ALERT on cam-05: VIOLENCE DETECTED (V:0.82, C:0.00)
INFO:Orchestrator:Updating existing event e0bc1fab-243d-4b0e-bca6-5f05c693325b with new confidence 0.82
WARNING:Orchestrator:🚨 ALERT on cam-01: VIOLENCE DETECTED (V:0.85, C:0.00)
INFO:Orchestrator:Updating existing event e0bc1fab-243d-4b0e-bca6-5f05c693325b with new confidence 0.85
WARNING:Orchestrator:🚨 ALERT on cam-05: VIOLENCE DETECTED (V:0.81, C:0.00)
INFO:Orchestrator:Updating existing event e0bc1fab-243d-4b0e-bca6-5f05c693325b with new confidence 0.81
WARNING:Orchestrator:🚨 ALERT on cam-01: VIOLENCE DETECTED (V:0.85, C:0.00)
INFO:Orchestrator:Updating existing event e0bc1fab-243d-4b0e-bca6-5f05c693325b with new confidence 0.85
WARNING:Orchestrator:🚨 ALERT on cam-05: VIOLENCE DETECTED (V:0.81, C:0.00)
INFO:Orchestrator:Updating existing event e0bc1fab-243d-4b0e-bca6-5f05c693325b with new confidence 0.81
WARNING:Orchestrator:🚨 ALERT on cam-01: VIOLENCE DETECTED (V:0.86, C:0.00)
INFO:Orchestrator:Updating existing event e0bc1fab-243d-4b0e-bca6-5f05c693325b with new confidence 0.86
WARNING:Orchestrator:🚨 ALERT on cam-05: VIOLENCE DETECTED (V:0.81, C:0.00)
INFO:Orchestrator:Updating existing event e0bc1fab-243d-4b0e-bca6-5f05c693325b with new confidence 0.81
WARNING:Orchestrator:🚨 ALERT on cam-01: VIOLENCE DETECTED (V:0.86, C:0.00)
INFO:Orchestrator:Updating existing event e0bc1fab-243d-4b0e-bca6-5f05c693325b with new confidence 0.86
WARNING:Orchestrator:🚨 ALERT on cam-05: VIOLENCE DETECTED (V:0.80, C:0.00)
INFO:Orchestrator:Updating existing event e0bc1fab-243d-4b0e-bca6-5f05c693325b with new confidence 0.80
WARNING:Orchestrator:🚨 ALERT on cam-01: VIOLENCE DETECTED (V:0.86, C:0.00)
INFO:Orchestrator:Updating existing event e0bc1fab-243d-4b0e-bca6-5f05c693325b with new confidence 0.86
WARNING:Orchestrator:🚨 ALERT on cam-05: VIOLENCE DETECTED (V:0.80, C:0.00)
INFO:Orchestrator:Updating existing event e0bc1fab-243d-4b0e-bca6-5f05c693325b with new confidence 0.80
WARNING:Orchestrator:🚨 ALERT on cam-01: VIOLENCE DETECTED (V:0.86, C:0.00)
INFO:Orchestrator:Updating existing event e0bc1fab-243d-4b0e-bca6-5f05c693325b with new confidence 0.86
WARNING:Orchestrator:🚨 ALERT on cam-05: VIOLENCE DETECTED (V:0.80, C:0.00)
INFO:Orchestrator:Updating existing event e0bc1fab-243d-4b0e-bca6-5f05c693325b with new confidence 0.80
WARNING:Orchestrator:🚨 ALERT on cam-01: VIOLENCE DETECTED (V:0.87, C:0.00)
INFO:Orchestrator:Updating existing event e0bc1fab-243d-4b0e-bca6-5f05c693325b with new confidence 0.87
WARNING:Orchestrator:🚨 ALERT on cam-05: VIOLENCE DETECTED (V:0.79, C:0.00)
INFO:Orchestrator:Updating existing event e0bc1fab-243d-4b0e-bca6-5f05c693325b with new confidence 0.79
WARNING:Orchestrator:🚨 ALERT on cam-01: VIOLENCE DETECTED (V:0.87, C:0.00)
INFO:Orchestrator:Updating existing event e0bc1fab-243d-4b0e-bca6-5f05c693325b with new confidence 0.87
WARNING:Orchestrator:🚨 ALERT on cam-05: VIOLENCE DETECTED (V:0.79, C:0.00)
INFO:Orchestrator:Updating existing event e0bc1fab-243d-4b0e-bca6-5f05c693325b with new confidence 0.79
WARNING:Orchestrator:🚨 ALERT on cam-01: VIOLENCE DETECTED (V:0.87, C:0.00)
INFO:Orchestrator:Updating existing event e0bc1fab-243d-4b0e-bca6-5f05c693325b with new confidence 0.87
WARNING:Orchestrator:🚨 ALERT on cam-05: VIOLENCE DETECTED (V:0.78, C:0.00)
INFO:Orchestrator:Updating existing event e0bc1fab-243d-4b0e-bca6-5f05c693325b with new confidence 0.78
WARNING:Orchestrator:🚨 ALERT on cam-01: VIOLENCE DETECTED (V:0.87, C:0.00)
INFO:Orchestrator:Updating existing event e0bc1fab-243d-4b0e-bca6-5f05c693325b with new confidence 0.87
WARNING:Orchestrator:🚨 ALERT on cam-05: VIOLENCE DETECTED (V:0.79, C:0.00)
INFO:Orchestrator:Updating existing event e0bc1fab-243d-4b0e-bca6-5f05c693325b with new confidence 0.79
WARNING:Orchestrator:🚨 ALERT on cam-01: VIOLENCE DETECTED (V:0.86, C:0.00)
INFO:Orchestrator:Updating existing event e0bc1fab-243d-4b0e-bca6-5f05c693325b with new confidence 0.86
WARNING:Orchestrator:🚨 ALERT on cam-05: VIOLENCE DETECTED (V:0.79, C:0.00)
INFO:Orchestrator:Updating existing event e0bc1fab-243d-4b0e-bca6-5f05c693325b with new confidence 0.79
WARNING:Orchestrator:🚨 ALERT on cam-01: VIOLENCE DETECTED (V:0.86, C:0.00)
INFO:Orchestrator:Updating existing event e0bc1fab-243d-4b0e-bca6-5f05c693325b with new confidence 0.86
WARNING:Orchestrator:🚨 ALERT on cam-05: VIOLENCE DETECTED (V:0.78, C:0.00)
INFO:Orchestrator:Updating existing event e0bc1fab-243d-4b0e-bca6-5f05c693325b with new confidence 0.78
WARNING:Orchestrator:🚨 ALERT on cam-01: VIOLENCE DETECTED (V:0.85, C:0.00)
INFO:Orchestrator:Updating existing event e0bc1fab-243d-4b0e-bca6-5f05c693325b with new confidence 0.85
WARNING:Orchestrator:🚨 ALERT on cam-05: VIOLENCE DETECTED (V:0.78, C:0.00)
INFO:Orchestrator:Updating existing event e0bc1fab-243d-4b0e-bca6-5f05c693325b with new confidence 0.78
WARNING:Orchestrator:🚨 ALERT on cam-01: VIOLENCE DETECTED (V:0.84, C:0.00)
INFO:Orchestrator:Updating existing event e0bc1fab-243d-4b0e-bca6-5f05c693325b with new confidence 0.84
WARNING:Orchestrator:🚨 ALERT on cam-05: VIOLENCE DETECTED (V:0.77, C:0.00)
INFO:Orchestrator:Updating existing event e0bc1fab-243d-4b0e-bca6-5f05c693325b with new confidence 0.77
WARNING:Orchestrator:🚨 ALERT on cam-01: VIOLENCE DETECTED (V:0.84, C:0.00)
INFO:Orchestrator:Updating existing event e0bc1fab-243d-4b0e-bca6-5f05c693325b with new confidence 0.84
WARNING:Orchestrator:🚨 ALERT on cam-05: VIOLENCE DETECTED (V:0.77, C:0.00)
INFO:Orchestrator:Updating existing event e0bc1fab-243d-4b0e-bca6-5f05c693325b with new confidence 0.77
WARNING:Orchestrator:🚨 ALERT on cam-01: VIOLENCE DETECTED (V:0.83, C:0.00)
INFO:Orchestrator:Updating existing event e0bc1fab-243d-4b0e-bca6-5f05c693325b with new confidence 0.83
WARNING:Orchestrator:🚨 ALERT on cam-05: VIOLENCE DETECTED (V:0.77, C:0.00)
INFO:Orchestrator:Updating existing event e0bc1fab-243d-4b0e-bca6-5f05c693325b with new confidence 0.77
WARNING:Orchestrator:🚨 ALERT on cam-01: VIOLENCE DETECTED (V:0.83, C:0.00)
INFO:Orchestrator:Updating existing event e0bc1fab-243d-4b0e-bca6-5f05c693325b with new confidence 0.83
WARNING:Orchestrator:🚨 ALERT on cam-05: VIOLENCE DETECTED (V:0.77, C:0.00)
INFO:Orchestrator:Updating existing event e0bc1fab-243d-4b0e-bca6-5f05c693325b with new confidence 0.77
WARNING:Orchestrator:🚨 ALERT on cam-01: VIOLENCE DETECTED (V:0.83, C:0.00)
INFO:Orchestrator:Updating existing event e0bc1fab-243d-4b0e-bca6-5f05c693325b with new confidence 0.83
WARNING:Orchestrator:🚨 ALERT on cam-05: VIOLENCE DETECTED (V:0.78, C:0.00)
INFO:Orchestrator:Updating existing event e0bc1fab-243d-4b0e-bca6-5f05c693325b with new confidence 0.78
WARNING:Orchestrator:🚨 ALERT on cam-01: VIOLENCE DETECTED (V:0.82, C:0.00)
INFO:Orchestrator:Updating existing event e0bc1fab-243d-4b0e-bca6-5f05c693325b with new confidence 0.82
WARNING:Orchestrator:🚨 ALERT on cam-05: VIOLENCE DETECTED (V:0.78, C:0.00)
INFO:Orchestrator:Updating existing event e0bc1fab-243d-4b0e-bca6-5f05c693325b with new confidence 0.78
WARNING:Orchestrator:🚨 ALERT on cam-01: VIOLENCE DETECTED (V:0.81, C:0.00)
INFO:Orchestrator:Updating existing event e0bc1fab-243d-4b0e-bca6-5f05c693325b with new confidence 0.81
WARNING:Orchestrator:🚨 ALERT on cam-05: VIOLENCE DETECTED (V:0.79, C:0.00)
INFO:Orchestrator:Updating existing event e0bc1fab-243d-4b0e-bca6-5f05c693325b with new confidence 0.79
WARNING:Orchestrator:🚨 ALERT on cam-01: VIOLENCE DETECTED (V:0.81, C:0.00)
INFO:Orchestrator:Updating existing event e0bc1fab-243d-4b0e-bca6-5f05c693325b with new confidence 0.81
WARNING:Orchestrator:🚨 ALERT on cam-05: VIOLENCE DETECTED (V:0.79, C:0.00)
INFO:Orchestrator:Updating existing event e0bc1fab-243d-4b0e-bca6-5f05c693325b with new confidence 0.79
WARNING:Orchestrator:🚨 ALERT on cam-01: VIOLENCE DETECTED (V:0.81, C:0.00)
INFO:Orchestrator:Updating existing event e0bc1fab-243d-4b0e-bca6-5f05c693325b with new confidence 0.81
WARNING:Orchestrator:🚨 ALERT on cam-05: VIOLENCE DETECTED (V:0.80, C:0.00)
INFO:Orchestrator:Updating existing event e0bc1fab-243d-4b0e-bca6-5f05c693325b with new confidence 0.80
WARNING:Orchestrator:🚨 ALERT on cam-01: VIOLENCE DETECTED (V:0.81, C:0.00)
INFO:Orchestrator:Updating existing event e0bc1fab-243d-4b0e-bca6-5f05c693325b with new confidence 0.81
WARNING:Orchestrator:🚨 ALERT on cam-05: VIOLENCE DETECTED (V:0.80, C:0.00)
INFO:Orchestrator:Updating existing event e0bc1fab-243d-4b0e-bca6-5f05c693325b with new confidence 0.80
WARNING:Orchestrator:🚨 ALERT on cam-01: VIOLENCE DETECTED (V:0.81, C:0.00)
INFO:Orchestrator:Updating existing event e0bc1fab-243d-4b0e-bca6-5f05c693325b with new confidence 0.81
WARNING:Orchestrator:🚨 ALERT on cam-05: VIOLENCE DETECTED (V:0.80, C:0.00)
INFO:Orchestrator:Updating existing event e0bc1fab-243d-4b0e-bca6-5f05c693325b with new confidence 0.80
WARNING:Orchestrator:🚨 ALERT on cam-01: VIOLENCE DETECTED (V:0.80, C:0.00)
INFO:Orchestrator:Updating existing event e0bc1fab-243d-4b0e-bca6-5f05c693325b with new confidence 0.80
WARNING:Orchestrator:🚨 ALERT on cam-05: VIOLENCE DETECTED (V:0.80, C:0.00)
INFO:Orchestrator:Updating existing event e0bc1fab-243d-4b0e-bca6-5f05c693325b with new confidence 0.80
WARNING:Orchestrator:🚨 ALERT on cam-01: VIOLENCE DETECTED (V:0.80, C:0.00)
INFO:Orchestrator:Updating existing event e0bc1fab-243d-4b0e-bca6-5f05c693325b with new confidence 0.80
WARNING:Orchestrator:🚨 ALERT on cam-05: VIOLENCE DETECTED (V:0.80, C:0.00)
INFO:Orchestrator:Updating existing event e0bc1fab-243d-4b0e-bca6-5f05c693325b with new confidence 0.80
WARNING:Orchestrator:🚨 ALERT on cam-01: VIOLENCE DETECTED (V:0.80, C:0.00)
INFO:Orchestrator:Updating existing event e0bc1fab-243d-4b0e-bca6-5f05c693325b with new confidence 0.80
WARNING:Orchestrator:🚨 ALERT on cam-05: VIOLENCE DETECTED (V:0.81, C:0.00)
INFO:Orchestrator:Updating existing event e0bc1fab-243d-4b0e-bca6-5f05c693325b with new confidence 0.81
WARNING:Orchestrator:🚨 ALERT on cam-01: VIOLENCE DETECTED (V:0.81, C:0.00)
INFO:Orchestrator:Updating existing event e0bc1fab-243d-4b0e-bca6-5f05c693325b with new confidence 0.81
WARNING:Orchestrator:🚨 ALERT on cam-05: VIOLENCE DETECTED (V:0.80, C:0.00)
INFO:Orchestrator:Updating existing event e0bc1fab-243d-4b0e-bca6-5f05c693325b with new confidence 0.80
WARNING:Orchestrator:🚨 ALERT on cam-01: VIOLENCE DETECTED (V:0.81, C:0.00)
INFO:Orchestrator:Updating existing event e0bc1fab-243d-4b0e-bca6-5f05c693325b with new confidence 0.81
WARNING:Orchestrator:🚨 ALERT on cam-05: VIOLENCE DETECTED (V:0.80, C:0.00)
INFO:Orchestrator:Updating existing event e0bc1fab-243d-4b0e-bca6-5f05c693325b with new confidence 0.80
WARNING:Orchestrator:🚨 ALERT on cam-01: VIOLENCE DETECTED (V:0.81, C:0.00)
INFO:Orchestrator:Updating existing event e0bc1fab-243d-4b0e-bca6-5f05c693325b with new confidence 0.81
WARNING:Orchestrator:🚨 ALERT on cam-05: VIOLENCE DETECTED (V:0.80, C:0.00)
INFO:Orchestrator:Updating existing event e0bc1fab-243d-4b0e-bca6-5f05c693325b with new confidence 0.80
WARNING:Orchestrator:🚨 ALERT on cam-01: VIOLENCE DETECTED (V:0.82, C:0.00)
INFO:Orchestrator:Updating existing event e0bc1fab-243d-4b0e-bca6-5f05c693325b with new confidence 0.82
WARNING:Orchestrator:🚨 ALERT on cam-05: VIOLENCE DETECTED (V:0.80, C:0.00)
INFO:Orchestrator:Updating existing event e0bc1fab-243d-4b0e-bca6-5f05c693325b with new confidence 0.80
WARNING:Orchestrator:🚨 ALERT on cam-01: VIOLENCE DETECTED (V:0.82, C:0.00)
INFO:Orchestrator:Updating existing event e0bc1fab-243d-4b0e-bca6-5f05c693325b with new confidence 0.82
WARNING:Orchestrator:🚨 ALERT on cam-05: VIOLENCE DETECTED (V:0.81, C:0.00)
INFO:Orchestrator:Updating existing event e0bc1fab-243d-4b0e-bca6-5f05c693325b with new confidence 0.81
WARNING:Orchestrator:🚨 ALERT on cam-01: VIOLENCE DETECTED (V:0.82, C:0.00)
INFO:Orchestrator:Updating existing event e0bc1fab-243d-4b0e-bca6-5f05c693325b with new confidence 0.82
WARNING:Orchestrator:🚨 ALERT on cam-05: VIOLENCE DETECTED (V:0.81, C:0.00)
INFO:Orchestrator:Updating existing event e0bc1fab-243d-4b0e-bca6-5f05c693325b with new confidence 0.81
WARNING:Orchestrator:🚨 ALERT on cam-01: VIOLENCE DETECTED (V:0.83, C:0.00)
INFO:Orchestrator:Updating existing event e0bc1fab-243d-4b0e-bca6-5f05c693325b with new confidence 0.83
WARNING:Orchestrator:🚨 ALERT on cam-05: VIOLENCE DETECTED (V:0.81, C:0.00)
INFO:Orchestrator:Updating existing event e0bc1fab-243d-4b0e-bca6-5f05c693325b with new confidence 0.81
WARNING:Orchestrator:🚨 ALERT on cam-01: VIOLENCE DETECTED (V:0.83, C:0.00)
INFO:Orchestrator:Updating existing event e0bc1fab-243d-4b0e-bca6-5f05c693325b with new confidence 0.83
WARNING:Orchestrator:🚨 ALERT on cam-05: VIOLENCE DETECTED (V:0.81, C:0.00)
INFO:Orchestrator:Updating existing event e0bc1fab-243d-4b0e-bca6-5f05c693325b with new confidence 0.81
WARNING:Orchestrator:🚨 ALERT on cam-01: VIOLENCE DETECTED (V:0.83, C:0.00)
INFO:Orchestrator:Updating existing event e0bc1fab-243d-4b0e-bca6-5f05c693325b with new confidence 0.83
WARNING:Orchestrator:🚨 ALERT on cam-05: VIOLENCE DETECTED (V:0.81, C:0.00)
INFO:Orchestrator:Updating existing event e0bc1fab-243d-4b0e-bca6-5f05c693325b with new confidence 0.81
WARNING:Orchestrator:🚨 ALERT on cam-01: VIOLENCE DETECTED (V:0.83, C:0.00)
INFO:Orchestrator:Updating existing event e0bc1fab-243d-4b0e-bca6-5f05c693325b with new confidence 0.83
WARNING:Orchestrator:🚨 ALERT on cam-05: VIOLENCE DETECTED (V:0.81, C:0.00)
INFO:Orchestrator:Updating existing event e0bc1fab-243d-4b0e-bca6-5f05c693325b with new confidence 0.81
WARNING:Orchestrator:🚨 ALERT on cam-01: VIOLENCE DETECTED (V:0.84, C:0.00)
INFO:Orchestrator:Updating existing event e0bc1fab-243d-4b0e-bca6-5f05c693325b with new confidence 0.84
WARNING:Orchestrator:🚨 ALERT on cam-05: VIOLENCE DETECTED (V:0.81, C:0.00)
INFO:Orchestrator:Updating existing event e0bc1fab-243d-4b0e-bca6-5f05c693325b with new confidence 0.81
WARNING:Orchestrator:🚨 ALERT on cam-01: VIOLENCE DETECTED (V:0.84, C:0.00)
INFO:Orchestrator:Updating existing event e0bc1fab-243d-4b0e-bca6-5f05c693325b with new confidence 0.84
WARNING:Orchestrator:🚨 ALERT on cam-05: VIOLENCE DETECTED (V:0.81, C:0.00)
INFO:Orchestrator:Updating existing event e0bc1fab-243d-4b0e-bca6-5f05c693325b with new confidence 0.81
WARNING:Orchestrator:🚨 ALERT on cam-01: VIOLENCE DETECTED (V:0.85, C:0.00)
INFO:Orchestrator:Updating existing event e0bc1fab-243d-4b0e-bca6-5f05c693325b with new confidence 0.85
WARNING:Orchestrator:🚨 ALERT on cam-05: VIOLENCE DETECTED (V:0.82, C:0.03)
INFO:Orchestrator:Updating existing event e0bc1fab-243d-4b0e-bca6-5f05c693325b with new confidence 0.82
WARNING:Orchestrator:🚨 ALERT on cam-01: VIOLENCE DETECTED (V:0.86, C:0.00)
INFO:Orchestrator:Updating existing event e0bc1fab-243d-4b0e-bca6-5f05c693325b with new confidence 0.86
WARNING:Orchestrator:🚨 ALERT on cam-05: VIOLENCE DETECTED (V:0.82, C:0.03)
INFO:Orchestrator:Updating existing event e0bc1fab-243d-4b0e-bca6-5f05c693325b with new confidence 0.82
WARNING:Orchestrator:🚨 ALERT on cam-01: VIOLENCE DETECTED (V:0.86, C:0.00)
INFO:Orchestrator:Updating existing event e0bc1fab-243d-4b0e-bca6-5f05c693325b with new confidence 0.86
WARNING:Orchestrator:🚨 ALERT on cam-05: VIOLENCE DETECTED (V:0.82, C:0.00)
INFO:Orchestrator:Updating existing event e0bc1fab-243d-4b0e-bca6-5f05c693325b with new confidence 0.82
WARNING:Orchestrator:🚨 ALERT on cam-01: VIOLENCE DETECTED (V:0.87, C:0.00)
INFO:Orchestrator:Updating existing event e0bc1fab-243d-4b0e-bca6-5f05c693325b with new confidence 0.87
WARNING:Orchestrator:🚨 ALERT on cam-05: VIOLENCE DETECTED (V:0.82, C:0.03)
INFO:Orchestrator:Updating existing event e0bc1fab-243d-4b0e-bca6-5f05c693325b with new confidence 0.82
WARNING:Orchestrator:🚨 ALERT on cam-01: VIOLENCE DETECTED (V:0.87, C:0.00)
INFO:Orchestrator:Updating existing event e0bc1fab-243d-4b0e-bca6-5f05c693325b with new confidence 0.87
WARNING:Orchestrator:🚨 ALERT on cam-05: VIOLENCE DETECTED (V:0.83, C:0.03)
INFO:Orchestrator:Updating existing event e0bc1fab-243d-4b0e-bca6-5f05c693325b with new confidence 0.83
WARNING:Orchestrator:🚨 ALERT on cam-01: VIOLENCE DETECTED (V:0.87, C:0.00)
INFO:Orchestrator:Updating existing event e0bc1fab-243d-4b0e-bca6-5f05c693325b with new confidence 0.87
WARNING:Orchestrator:🚨 ALERT on cam-05: VIOLENCE DETECTED (V:0.83, C:0.00)
INFO:Orchestrator:Updating existing event e0bc1fab-243d-4b0e-bca6-5f05c693325b with new confidence 0.83
WARNING:Orchestrator:🚨 ALERT on cam-01: VIOLENCE DETECTED (V:0.87, C:0.00)
INFO:Orchestrator:Updating existing event e0bc1fab-243d-4b0e-bca6-5f05c693325b with new confidence 0.87
WARNING:Orchestrator:🚨 ALERT on cam-05: VIOLENCE DETECTED (V:0.84, C:0.00)
INFO:Orchestrator:Updating existing event e0bc1fab-243d-4b0e-bca6-5f05c693325b with new confidence 0.84
WARNING:Orchestrator:🚨 ALERT on cam-01: VIOLENCE DETECTED (V:0.87, C:0.00)
INFO:Orchestrator:Updating existing event e0bc1fab-243d-4b0e-bca6-5f05c693325b with new confidence 0.87
WARNING:Orchestrator:🚨 ALERT on cam-05: VIOLENCE DETECTED (V:0.84, C:0.03)
INFO:Orchestrator:Updating existing event e0bc1fab-243d-4b0e-bca6-5f05c693325b with new confidence 0.84
WARNING:Orchestrator:🚨 ALERT on cam-01: VIOLENCE DETECTED (V:0.87, C:0.00)
INFO:Orchestrator:Updating existing event e0bc1fab-243d-4b0e-bca6-5f05c693325b with new confidence 0.87
WARNING:Orchestrator:🚨 ALERT on cam-05: VIOLENCE DETECTED (V:0.84, C:0.00)
INFO:Orchestrator:Updating existing event e0bc1fab-243d-4b0e-bca6-5f05c693325b with new confidence 0.84
WARNING:Orchestrator:🚨 ALERT on cam-01: VIOLENCE DETECTED (V:0.87, C:0.00)
INFO:Orchestrator:Updating existing event e0bc1fab-243d-4b0e-bca6-5f05c693325b with new confidence 0.87
WARNING:Orchestrator:🚨 ALERT on cam-05: VIOLENCE DETECTED (V:0.84, C:0.00)
INFO:Orchestrator:Updating existing event e0bc1fab-243d-4b0e-bca6-5f05c693325b with new confidence 0.84
WARNING:Orchestrator:🚨 ALERT on cam-01: VIOLENCE DETECTED (V:0.87, C:0.00)
INFO:Orchestrator:Updating existing event e0bc1fab-243d-4b0e-bca6-5f05c693325b with new confidence 0.87
WARNING:Orchestrator:🚨 ALERT on cam-05: VIOLENCE DETECTED (V:0.84, C:0.00)
INFO:Orchestrator:Updating existing event e0bc1fab-243d-4b0e-bca6-5f05c693325b with new confidence 0.84
WARNING:Orchestrator:🚨 ALERT on cam-01: VIOLENCE DETECTED (V:0.87, C:0.00)
INFO:Orchestrator:Updating existing event e0bc1fab-243d-4b0e-bca6-5f05c693325b with new confidence 0.87
WARNING:Orchestrator:🚨 ALERT on cam-05: VIOLENCE DETECTED (V:0.84, C:0.00)
INFO:Orchestrator:Updating existing event e0bc1fab-243d-4b0e-bca6-5f05c693325b with new confidence 0.84
WARNING:Orchestrator:🚨 ALERT on cam-01: VIOLENCE DETECTED (V:0.87, C:0.00)
INFO:Orchestrator:Updating existing event e0bc1fab-243d-4b0e-bca6-5f05c693325b with new confidence 0.87
WARNING:Orchestrator:🚨 ALERT on cam-05: VIOLENCE DETECTED (V:0.85, C:0.00)
INFO:Orchestrator:Updating existing event e0bc1fab-243d-4b0e-bca6-5f05c693325b with new confidence 0.85
WARNING:Orchestrator:🚨 ALERT on cam-01: VIOLENCE DETECTED (V:0.86, C:0.00)
INFO:Orchestrator:Updating existing event e0bc1fab-243d-4b0e-bca6-5f05c693325b with new confidence 0.86
WARNING:Orchestrator:🚨 ALERT on cam-05: VIOLENCE DETECTED (V:0.85, C:0.00)
INFO:Orchestrator:Updating existing event e0bc1fab-243d-4b0e-bca6-5f05c693325b with new confidence 0.85
WARNING:Orchestrator:🚨 ALERT on cam-01: VIOLENCE DETECTED (V:0.86, C:0.00)
INFO:Orchestrator:Updating existing event e0bc1fab-243d-4b0e-bca6-5f05c693325b with new confidence 0.86
WARNING:Orchestrator:🚨 ALERT on cam-05: VIOLENCE DETECTED (V:0.85, C:0.03)
INFO:Orchestrator:Updating existing event e0bc1fab-243d-4b0e-bca6-5f05c693325b with new confidence 0.85
WARNING:Orchestrator:🚨 ALERT on cam-01: VIOLENCE DETECTED (V:0.85, C:0.00)
INFO:Orchestrator:Updating existing event e0bc1fab-243d-4b0e-bca6-5f05c693325b with new confidence 0.85
WARNING:Orchestrator:🚨 ALERT on cam-05: VIOLENCE DETECTED (V:0.85, C:0.03)
INFO:Orchestrator:Updating existing event e0bc1fab-243d-4b0e-bca6-5f05c693325b with new confidence 0.85
WARNING:Orchestrator:🚨 ALERT on cam-01: VIOLENCE DETECTED (V:0.84, C:0.00)
INFO:Orchestrator:Updating existing event e0bc1fab-243d-4b0e-bca6-5f05c693325b with new confidence 0.84
WARNING:Orchestrator:🚨 ALERT on cam-05: VIOLENCE DETECTED (V:0.84, C:0.03)
INFO:Orchestrator:Updating existing event e0bc1fab-243d-4b0e-bca6-5f05c693325b with new confidence 0.84
WARNING:Orchestrator:🚨 ALERT on cam-01: VIOLENCE DETECTED (V:0.84, C:0.00)
INFO:Orchestrator:Updating existing event e0bc1fab-243d-4b0e-bca6-5f05c693325b with new confidence 0.84
WARNING:Orchestrator:🚨 ALERT on cam-05: VIOLENCE DETECTED (V:0.84, C:0.04)
INFO:Orchestrator:Updating existing event e0bc1fab-243d-4b0e-bca6-5f05c693325b with new confidence 0.84
WARNING:Orchestrator:🚨 ALERT on cam-01: VIOLENCE DETECTED (V:0.83, C:0.00)
INFO:Orchestrator:Updating existing event e0bc1fab-243d-4b0e-bca6-5f05c693325b with new confidence 0.83
WARNING:Orchestrator:🚨 ALERT on cam-05: VIOLENCE DETECTED (V:0.84, C:0.04)
INFO:Orchestrator:Updating existing event e0bc1fab-243d-4b0e-bca6-5f05c693325b with new confidence 0.84
WARNING:Orchestrator:🚨 ALERT on cam-01: VIOLENCE DETECTED (V:0.83, C:0.00)
INFO:Orchestrator:Updating existing event e0bc1fab-243d-4b0e-bca6-5f05c693325b with new confidence 0.83
WARNING:Orchestrator:🚨 ALERT on cam-05: VIOLENCE DETECTED (V:0.84, C:0.00)
INFO:Orchestrator:Updating existing event e0bc1fab-243d-4b0e-bca6-5f05c693325b with new confidence 0.84
WARNING:Orchestrator:🚨 ALERT on cam-01: VIOLENCE DETECTED (V:0.82, C:0.00)
INFO:Orchestrator:Updating existing event e0bc1fab-243d-4b0e-bca6-5f05c693325b with new confidence 0.82
WARNING:Orchestrator:🚨 ALERT on cam-05: VIOLENCE DETECTED (V:0.83, C:0.00)
INFO:Orchestrator:Updating existing event e0bc1fab-243d-4b0e-bca6-5f05c693325b with new confidence 0.83
WARNING:Orchestrator:🚨 ALERT on cam-01: VIOLENCE DETECTED (V:0.82, C:0.00)
INFO:Orchestrator:Updating existing event e0bc1fab-243d-4b0e-bca6-5f05c693325b with new confidence 0.82
WARNING:Orchestrator:🚨 ALERT on cam-05: VIOLENCE DETECTED (V:0.83, C:0.00)
INFO:Orchestrator:Updating existing event e0bc1fab-243d-4b0e-bca6-5f05c693325b with new confidence 0.83
WARNING:Orchestrator:🚨 ALERT on cam-01: VIOLENCE DETECTED (V:0.82, C:0.00)
INFO:Orchestrator:Updating existing event e0bc1fab-243d-4b0e-bca6-5f05c693325b with new confidence 0.82
WARNING:Orchestrator:🚨 ALERT on cam-05: VIOLENCE DETECTED (V:0.82, C:0.04)
INFO:Orchestrator:Updating existing event e0bc1fab-243d-4b0e-bca6-5f05c693325b with new confidence 0.82
WARNING:Orchestrator:🚨 ALERT on cam-01: VIOLENCE DETECTED (V:0.81, C:0.00)
INFO:Orchestrator:Updating existing event e0bc1fab-243d-4b0e-bca6-5f05c693325b with new confidence 0.81
WARNING:Orchestrator:🚨 ALERT on cam-05: VIOLENCE DETECTED (V:0.82, C:0.04)
INFO:Orchestrator:Updating existing event e0bc1fab-243d-4b0e-bca6-5f05c693325b with new confidence 0.82
WARNING:Orchestrator:🚨 ALERT on cam-01: VIOLENCE DETECTED (V:0.81, C:0.00)
INFO:Orchestrator:Updating existing event e0bc1fab-243d-4b0e-bca6-5f05c693325b with new confidence 0.81
WARNING:Orchestrator:🚨 ALERT on cam-05: VIOLENCE DETECTED (V:0.82, C:0.03)
INFO:Orchestrator:Updating existing event e0bc1fab-243d-4b0e-bca6-5f05c693325b with new confidence 0.82
WARNING:Orchestrator:🚨 ALERT on cam-01: VIOLENCE DETECTED (V:0.82, C:0.00)
INFO:Orchestrator:Updating existing event e0bc1fab-243d-4b0e-bca6-5f05c693325b with new confidence 0.82
WARNING:Orchestrator:🚨 ALERT on cam-05: VIOLENCE DETECTED (V:0.83, C:0.03)
INFO:Orchestrator:Updating existing event e0bc1fab-243d-4b0e-bca6-5f05c693325b with new confidence 0.83
WARNING:Orchestrator:🚨 ALERT on cam-01: VIOLENCE DETECTED (V:0.82, C:0.00)
INFO:Orchestrator:Updating existing event e0bc1fab-243d-4b0e-bca6-5f05c693325b with new confidence 0.82
WARNING:Orchestrator:🚨 ALERT on cam-05: VIOLENCE DETECTED (V:0.82, C:0.04)
INFO:Orchestrator:Updating existing event e0bc1fab-243d-4b0e-bca6-5f05c693325b with new confidence 0.82
WARNING:Orchestrator:🚨 ALERT on cam-01: VIOLENCE DETECTED (V:0.82, C:0.00)
INFO:Orchestrator:Updating existing event e0bc1fab-243d-4b0e-bca6-5f05c693325b with new confidence 0.82
WARNING:Orchestrator:🚨 ALERT on cam-05: VIOLENCE DETECTED (V:0.81, C:0.04)
INFO:Orchestrator:Updating existing event e0bc1fab-243d-4b0e-bca6-5f05c693325b with new confidence 0.81
WARNING:Orchestrator:🚨 ALERT on cam-01: VIOLENCE DETECTED (V:0.83, C:0.00)
INFO:Orchestrator:Updating existing event e0bc1fab-243d-4b0e-bca6-5f05c693325b with new confidence 0.83
WARNING:Orchestrator:🚨 ALERT on cam-05: VIOLENCE DETECTED (V:0.81, C:0.05)
INFO:Orchestrator:Updating existing event e0bc1fab-243d-4b0e-bca6-5f05c693325b with new confidence 0.81
WARNING:Orchestrator:🚨 ALERT on cam-01: VIOLENCE DETECTED (V:0.83, C:0.00)
INFO:Orchestrator:Updating existing event e0bc1fab-243d-4b0e-bca6-5f05c693325b with new confidence 0.83
WARNING:Orchestrator:🚨 ALERT on cam-05: VIOLENCE DETECTED (V:0.80, C:0.05)
INFO:Orchestrator:Updating existing event e0bc1fab-243d-4b0e-bca6-5f05c693325b with new confidence 0.80
WARNING:Orchestrator:🚨 ALERT on cam-01: VIOLENCE DETECTED (V:0.82, C:0.00)
INFO:Orchestrator:Updating existing event e0bc1fab-243d-4b0e-bca6-5f05c693325b with new confidence 0.82
WARNING:Orchestrator:🚨 ALERT on cam-05: VIOLENCE DETECTED (V:0.79, C:0.06)
INFO:Orchestrator:Updating existing event e0bc1fab-243d-4b0e-bca6-5f05c693325b with new confidence 0.79
WARNING:Orchestrator:🚨 ALERT on cam-01: VIOLENCE DETECTED (V:0.83, C:0.00)
INFO:Orchestrator:Updating existing event e0bc1fab-243d-4b0e-bca6-5f05c693325b with new confidence 0.83
WARNING:Orchestrator:🚨 ALERT on cam-05: VIOLENCE DETECTED (V:0.79, C:0.06)
INFO:Orchestrator:Updating existing event e0bc1fab-243d-4b0e-bca6-5f05c693325b with new confidence 0.79
WARNING:Orchestrator:🚨 ALERT on cam-01: VIOLENCE DETECTED (V:0.83, C:0.00)
INFO:Orchestrator:Updating existing event e0bc1fab-243d-4b0e-bca6-5f05c693325b with new confidence 0.83
WARNING:Orchestrator:🚨 ALERT on cam-05: VIOLENCE DETECTED (V:0.79, C:0.06)
INFO:Orchestrator:Updating existing event e0bc1fab-243d-4b0e-bca6-5f05c693325b with new confidence 0.79
WARNING:Orchestrator:🚨 ALERT on cam-01: VIOLENCE DETECTED (V:0.84, C:0.00)
INFO:Orchestrator:Updating existing event e0bc1fab-243d-4b0e-bca6-5f05c693325b with new confidence 0.84
WARNING:Orchestrator:🚨 ALERT on cam-05: VIOLENCE DETECTED (V:0.79, C:0.06)
INFO:Orchestrator:Updating existing event e0bc1fab-243d-4b0e-bca6-5f05c693325b with new confidence 0.79
WARNING:Orchestrator:🚨 ALERT on cam-01: VIOLENCE DETECTED (V:0.85, C:0.00)
INFO:Orchestrator:Updating existing event e0bc1fab-243d-4b0e-bca6-5f05c693325b with new confidence 0.85
WARNING:Orchestrator:🚨 ALERT on cam-05: VIOLENCE DETECTED (V:0.79, C:0.00)
INFO:Orchestrator:Updating existing event e0bc1fab-243d-4b0e-bca6-5f05c693325b with new confidence 0.79
WARNING:Orchestrator:🚨 ALERT on cam-01: VIOLENCE DETECTED (V:0.85, C:0.00)
INFO:Orchestrator:Updating existing event e0bc1fab-243d-4b0e-bca6-5f05c693325b with new confidence 0.85
WARNING:Orchestrator:🚨 ALERT on cam-05: VIOLENCE DETECTED (V:0.80, C:0.00)
INFO:Orchestrator:Updating existing event e0bc1fab-243d-4b0e-bca6-5f05c693325b with new confidence 0.80
WARNING:Orchestrator:🚨 ALERT on cam-01: VIOLENCE DETECTED (V:0.86, C:0.00)
INFO:Orchestrator:Updating existing event e0bc1fab-243d-4b0e-bca6-5f05c693325b with new confidence 0.86
WARNING:Orchestrator:🚨 ALERT on cam-05: VIOLENCE DETECTED (V:0.80, C:0.00)
INFO:Orchestrator:Updating existing event e0bc1fab-243d-4b0e-bca6-5f05c693325b with new confidence 0.80
WARNING:Orchestrator:🚨 ALERT on cam-01: VIOLENCE DETECTED (V:0.86, C:0.00)
INFO:Orchestrator:Updating existing event e0bc1fab-243d-4b0e-bca6-5f05c693325b with new confidence 0.86
WARNING:Orchestrator:🚨 ALERT on cam-05: VIOLENCE DETECTED (V:0.79, C:0.00)
INFO:Orchestrator:Updating existing event e0bc1fab-243d-4b0e-bca6-5f05c693325b with new confidence 0.79
WARNING:Orchestrator:🚨 ALERT on cam-01: VIOLENCE DETECTED (V:0.85, C:0.00)
INFO:Orchestrator:Updating existing event e0bc1fab-243d-4b0e-bca6-5f05c693325b with new confidence 0.85
WARNING:Orchestrator:🚨 ALERT on cam-05: VIOLENCE DETECTED (V:0.79, C:0.00)
INFO:Orchestrator:Updating existing event e0bc1fab-243d-4b0e-bca6-5f05c693325b with new confidence 0.79
WARNING:Orchestrator:🚨 ALERT on cam-01: VIOLENCE DETECTED (V:0.85, C:0.00)
INFO:Orchestrator:Updating existing event e0bc1fab-243d-4b0e-bca6-5f05c693325b with new confidence 0.85
WARNING:Orchestrator:🚨 ALERT on cam-05: VIOLENCE DETECTED (V:0.79, C:0.00)
INFO:Orchestrator:Updating existing event e0bc1fab-243d-4b0e-bca6-5f05c693325b with new confidence 0.79
WARNING:Orchestrator:🚨 ALERT on cam-01: VIOLENCE DETECTED (V:0.85, C:0.00)
INFO:Orchestrator:Updating existing event e0bc1fab-243d-4b0e-bca6-5f05c693325b with new confidence 0.85
WARNING:Orchestrator:🚨 ALERT on cam-05: VIOLENCE DETECTED (V:0.79, C:0.04)
INFO:Orchestrator:Updating existing event e0bc1fab-243d-4b0e-bca6-5f05c693325b with new confidence 0.79
WARNING:Orchestrator:🚨 ALERT on cam-01: VIOLENCE DETECTED (V:0.85, C:0.00)
INFO:Orchestrator:Updating existing event e0bc1fab-243d-4b0e-bca6-5f05c693325b with new confidence 0.85
WARNING:Orchestrator:🚨 ALERT on cam-05: VIOLENCE DETECTED (V:0.79, C:0.03)
INFO:Orchestrator:Updating existing event e0bc1fab-243d-4b0e-bca6-5f05c693325b with new confidence 0.79
WARNING:Orchestrator:🚨 ALERT on cam-01: VIOLENCE DETECTED (V:0.85, C:0.00)
INFO:Orchestrator:Updating existing event e0bc1fab-243d-4b0e-bca6-5f05c693325b with new confidence 0.85
WARNING:Orchestrator:🚨 ALERT on cam-05: VIOLENCE DETECTED (V:0.79, C:0.03)
INFO:Orchestrator:Updating existing event e0bc1fab-243d-4b0e-bca6-5f05c693325b with new confidence 0.79
WARNING:Orchestrator:🚨 ALERT on cam-01: VIOLENCE DETECTED (V:0.85, C:0.00)
INFO:Orchestrator:Updating existing event e0bc1fab-243d-4b0e-bca6-5f05c693325b with new confidence 0.85
WARNING:Orchestrator:🚨 ALERT on cam-05: VIOLENCE DETECTED (V:0.79, C:0.03)
INFO:Orchestrator:Updating existing event e0bc1fab-243d-4b0e-bca6-5f05c693325b with new confidence 0.79
WARNING:Orchestrator:🚨 ALERT on cam-01: VIOLENCE DETECTED (V:0.85, C:0.00)
INFO:Orchestrator:Updating existing event e0bc1fab-243d-4b0e-bca6-5f05c693325b with new confidence 0.85
WARNING:Orchestrator:🚨 ALERT on cam-05: VIOLENCE DETECTED (V:0.78, C:0.00)
INFO:Orchestrator:Updating existing event e0bc1fab-243d-4b0e-bca6-5f05c693325b with new confidence 0.78
WARNING:Orchestrator:🚨 ALERT on cam-01: VIOLENCE DETECTED (V:0.84, C:0.00)
INFO:Orchestrator:Updating existing event e0bc1fab-243d-4b0e-bca6-5f05c693325b with new confidence 0.84
WARNING:Orchestrator:🚨 ALERT on cam-05: VIOLENCE DETECTED (V:0.79, C:0.00)
INFO:Orchestrator:Updating existing event e0bc1fab-243d-4b0e-bca6-5f05c693325b with new confidence 0.79
WARNING:Orchestrator:🚨 ALERT on cam-01: VIOLENCE DETECTED (V:0.84, C:0.00)
INFO:Orchestrator:Updating existing event e0bc1fab-243d-4b0e-bca6-5f05c693325b with new confidence 0.84
WARNING:Orchestrator:🚨 ALERT on cam-05: VIOLENCE DETECTED (V:0.78, C:0.00)
INFO:Orchestrator:Updating existing event e0bc1fab-243d-4b0e-bca6-5f05c693325b with new confidence 0.78
WARNING:Orchestrator:🚨 ALERT on cam-01: VIOLENCE DETECTED (V:0.84, C:0.00)
INFO:Orchestrator:Updating existing event e0bc1fab-243d-4b0e-bca6-5f05c693325b with new confidence 0.84
WARNING:Orchestrator:🚨 ALERT on cam-05: VIOLENCE DETECTED (V:0.79, C:0.03)
INFO:Orchestrator:Updating existing event e0bc1fab-243d-4b0e-bca6-5f05c693325b with new confidence 0.79
WARNING:Orchestrator:🚨 ALERT on cam-01: VIOLENCE DETECTED (V:0.84, C:0.00)
INFO:Orchestrator:Updating existing event e0bc1fab-243d-4b0e-bca6-5f05c693325b with new confidence 0.84
WARNING:Orchestrator:🚨 ALERT on cam-05: VIOLENCE DETECTED (V:0.79, C:0.03)
INFO:Orchestrator:Updating existing event e0bc1fab-243d-4b0e-bca6-5f05c693325b with new confidence 0.79
WARNING:Orchestrator:🚨 ALERT on cam-01: VIOLENCE DETECTED (V:0.84, C:0.00)
INFO:Orchestrator:Updating existing event e0bc1fab-243d-4b0e-bca6-5f05c693325b with new confidence 0.84
WARNING:Orchestrator:🚨 ALERT on cam-05: VIOLENCE DETECTED (V:0.79, C:0.03)
INFO:Orchestrator:Updating existing event e0bc1fab-243d-4b0e-bca6-5f05c693325b with new confidence 0.79
WARNING:Orchestrator:🚨 ALERT on cam-01: VIOLENCE DETECTED (V:0.84, C:0.00)
INFO:Orchestrator:Updating existing event e0bc1fab-243d-4b0e-bca6-5f05c693325b with new confidence 0.84
WARNING:Orchestrator:🚨 ALERT on cam-05: VIOLENCE DETECTED (V:0.80, C:0.00)
INFO:Orchestrator:Updating existing event e0bc1fab-243d-4b0e-bca6-5f05c693325b with new confidence 0.80
WARNING:Orchestrator:🚨 ALERT on cam-01: VIOLENCE DETECTED (V:0.84, C:0.00)
INFO:Orchestrator:Updating existing event e0bc1fab-243d-4b0e-bca6-5f05c693325b with new confidence 0.84
WARNING:Orchestrator:🚨 ALERT on cam-05: VIOLENCE DETECTED (V:0.80, C:0.00)
INFO:Orchestrator:Updating existing event e0bc1fab-243d-4b0e-bca6-5f05c693325b with new confidence 0.80
WARNING:Orchestrator:🚨 ALERT on cam-01: VIOLENCE DETECTED (V:0.84, C:0.00)
INFO:Orchestrator:Updating existing event e0bc1fab-243d-4b0e-bca6-5f05c693325b with new confidence 0.84
WARNING:Orchestrator:🚨 ALERT on cam-05: VIOLENCE DETECTED (V:0.79, C:0.00)
INFO:Orchestrator:Updating existing event e0bc1fab-243d-4b0e-bca6-5f05c693325b with new confidence 0.79
WARNING:Orchestrator:🚨 ALERT on cam-01: VIOLENCE DETECTED (V:0.84, C:0.00)
INFO:Orchestrator:Updating existing event e0bc1fab-243d-4b0e-bca6-5f05c693325b with new confidence 0.84
WARNING:Orchestrator:🚨 ALERT on cam-05: VIOLENCE DETECTED (V:0.79, C:0.00)
INFO:Orchestrator:Updating existing event e0bc1fab-243d-4b0e-bca6-5f05c693325b with new confidence 0.79
WARNING:Orchestrator:🚨 ALERT on cam-01: VIOLENCE DETECTED (V:0.84, C:0.00)
INFO:Orchestrator:Updating existing event e0bc1fab-243d-4b0e-bca6-5f05c693325b with new confidence 0.84
WARNING:Orchestrator:🚨 ALERT on cam-05: VIOLENCE DETECTED (V:0.79, C:0.00)
INFO:Orchestrator:Updating existing event e0bc1fab-243d-4b0e-bca6-5f05c693325b with new confidence 0.79
WARNING:Orchestrator:🚨 ALERT on cam-01: VIOLENCE DETECTED (V:0.84, C:0.00)
INFO:Orchestrator:Updating existing event e0bc1fab-243d-4b0e-bca6-5f05c693325b with new confidence 0.84
WARNING:Orchestrator:🚨 ALERT on cam-05: VIOLENCE DETECTED (V:0.80, C:0.04)
INFO:Orchestrator:Updating existing event e0bc1fab-243d-4b0e-bca6-5f05c693325b with new confidence 0.80
WARNING:Orchestrator:🚨 ALERT on cam-01: VIOLENCE DETECTED (V:0.84, C:0.00)
INFO:Orchestrator:Updating existing event e0bc1fab-243d-4b0e-bca6-5f05c693325b with new confidence 0.84
WARNING:Orchestrator:🚨 ALERT on cam-05: VIOLENCE DETECTED (V:0.80, C:0.04)
INFO:Orchestrator:Updating existing event e0bc1fab-243d-4b0e-bca6-5f05c693325b with new confidence 0.80
WARNING:Orchestrator:🚨 ALERT on cam-01: VIOLENCE DETECTED (V:0.84, C:0.00)
INFO:Orchestrator:Updating existing event e0bc1fab-243d-4b0e-bca6-5f05c693325b with new confidence 0.84
WARNING:Orchestrator:🚨 ALERT on cam-05: VIOLENCE DETECTED (V:0.82, C:0.00)
INFO:Orchestrator:Updating existing event e0bc1fab-243d-4b0e-bca6-5f05c693325b with new confidence 0.82
WARNING:Orchestrator:🚨 ALERT on cam-01: VIOLENCE DETECTED (V:0.84, C:0.00)
INFO:Orchestrator:Updating existing event e0bc1fab-243d-4b0e-bca6-5f05c693325b with new confidence 0.84
WARNING:Orchestrator:🚨 ALERT on cam-05: VIOLENCE DETECTED (V:0.82, C:0.00)
INFO:Orchestrator:Updating existing event e0bc1fab-243d-4b0e-bca6-5f05c693325b with new confidence 0.82
WARNING:Orchestrator:🚨 ALERT on cam-01: VIOLENCE DETECTED (V:0.84, C:0.00)
INFO:Orchestrator:Updating existing event e0bc1fab-243d-4b0e-bca6-5f05c693325b with new confidence 0.84
WARNING:Orchestrator:🚨 ALERT on cam-05: VIOLENCE DETECTED (V:0.83, C:0.00)
INFO:Orchestrator:Updating existing event e0bc1fab-243d-4b0e-bca6-5f05c693325b with new confidence 0.83
WARNING:Orchestrator:🚨 ALERT on cam-01: VIOLENCE DETECTED (V:0.84, C:0.00)
INFO:Orchestrator:Updating existing event e0bc1fab-243d-4b0e-bca6-5f05c693325b with new confidence 0.84
WARNING:Orchestrator:🚨 ALERT on cam-05: VIOLENCE DETECTED (V:0.84, C:0.00)
INFO:Orchestrator:Updating existing event e0bc1fab-243d-4b0e-bca6-5f05c693325b with new confidence 0.84
WARNING:Orchestrator:🚨 ALERT on cam-01: VIOLENCE DETECTED (V:0.84, C:0.00)
INFO:Orchestrator:Updating existing event e0bc1fab-243d-4b0e-bca6-5f05c693325b with new confidence 0.84
WARNING:Orchestrator:🚨 ALERT on cam-05: VIOLENCE DETECTED (V:0.85, C:0.00)
INFO:Orchestrator:Updating existing event e0bc1fab-243d-4b0e-bca6-5f05c693325b with new confidence 0.85
WARNING:Orchestrator:🚨 ALERT on cam-01: VIOLENCE DETECTED (V:0.84, C:0.00)
INFO:Orchestrator:Updating existing event e0bc1fab-243d-4b0e-bca6-5f05c693325b with new confidence 0.84
WARNING:Orchestrator:🚨 ALERT on cam-05: VIOLENCE DETECTED (V:0.86, C:0.00)
INFO:Orchestrator:Updating existing event e0bc1fab-243d-4b0e-bca6-5f05c693325b with new confidence 0.86
WARNING:Orchestrator:🚨 ALERT on cam-01: VIOLENCE DETECTED (V:0.84, C:0.00)
INFO:Orchestrator:Updating existing event e0bc1fab-243d-4b0e-bca6-5f05c693325b with new confidence 0.84
WARNING:Orchestrator:🚨 ALERT on cam-05: VIOLENCE DETECTED (V:0.87, C:0.00)
INFO:Orchestrator:Updating existing event e0bc1fab-243d-4b0e-bca6-5f05c693325b with new confidence 0.87
WARNING:Orchestrator:🚨 ALERT on cam-01: VIOLENCE DETECTED (V:0.83, C:0.00)
INFO:Orchestrator:Updating existing event e0bc1fab-243d-4b0e-bca6-5f05c693325b with new confidence 0.83
WARNING:Orchestrator:🚨 ALERT on cam-05: VIOLENCE DETECTED (V:0.88, C:0.00)
INFO:Orchestrator:Updating existing event e0bc1fab-243d-4b0e-bca6-5f05c693325b with new confidence 0.88
WARNING:Orchestrator:🚨 ALERT on cam-01: VIOLENCE DETECTED (V:0.83, C:0.00)
INFO:Orchestrator:Updating existing event e0bc1fab-243d-4b0e-bca6-5f05c693325b with new confidence 0.83
WARNING:Orchestrator:🚨 ALERT on cam-05: VIOLENCE DETECTED (V:0.88, C:0.00)
INFO:Orchestrator:Updating existing event e0bc1fab-243d-4b0e-bca6-5f05c693325b with new confidence 0.88
WARNING:Orchestrator:🚨 ALERT on cam-01: VIOLENCE DETECTED (V:0.83, C:0.00)
INFO:Orchestrator:Updating existing event e0bc1fab-243d-4b0e-bca6-5f05c693325b with new confidence 0.83
WARNING:Orchestrator:🚨 ALERT on cam-05: VIOLENCE DETECTED (V:0.89, C:0.00)
INFO:Orchestrator:Updating existing event e0bc1fab-243d-4b0e-bca6-5f05c693325b with new confidence 0.89
WARNING:Orchestrator:🚨 ALERT on cam-01: VIOLENCE DETECTED (V:0.82, C:0.00)
INFO:Orchestrator:Updating existing event e0bc1fab-243d-4b0e-bca6-5f05c693325b with new confidence 0.82
WARNING:Orchestrator:🚨 ALERT on cam-05: VIOLENCE DETECTED (V:0.89, C:0.00)
INFO:Orchestrator:Updating existing event e0bc1fab-243d-4b0e-bca6-5f05c693325b with new confidence 0.89
WARNING:Orchestrator:🚨 ALERT on cam-01: VIOLENCE DETECTED (V:0.82, C:0.00)
INFO:Orchestrator:Updating existing event e0bc1fab-243d-4b0e-bca6-5f05c693325b with new confidence 0.82
WARNING:Orchestrator:🚨 ALERT on cam-05: VIOLENCE DETECTED (V:0.90, C:0.00)
INFO:Orchestrator:Updating existing event e0bc1fab-243d-4b0e-bca6-5f05c693325b with new confidence 0.90
WARNING:Orchestrator:🚨 ALERT on cam-01: VIOLENCE DETECTED (V:0.82, C:0.00)
INFO:Orchestrator:Updating existing event e0bc1fab-243d-4b0e-bca6-5f05c693325b with new confidence 0.82
WARNING:Orchestrator:🚨 ALERT on cam-05: VIOLENCE DETECTED (V:0.90, C:0.00)
INFO:Orchestrator:Updating existing event e0bc1fab-243d-4b0e-bca6-5f05c693325b with new confidence 0.90
WARNING:Orchestrator:🚨 ALERT on cam-01: VIOLENCE DETECTED (V:0.81, C:0.00)
INFO:Orchestrator:Updating existing event e0bc1fab-243d-4b0e-bca6-5f05c693325b with new confidence 0.81
WARNING:Orchestrator:🚨 ALERT on cam-05: VIOLENCE DETECTED (V:0.90, C:0.03)
INFO:Orchestrator:Updating existing event e0bc1fab-243d-4b0e-bca6-5f05c693325b with new confidence 0.90
WARNING:Orchestrator:🚨 ALERT on cam-01: VIOLENCE DETECTED (V:0.81, C:0.00)
INFO:Orchestrator:Updating existing event e0bc1fab-243d-4b0e-bca6-5f05c693325b with new confidence 0.81
WARNING:Orchestrator:🚨 ALERT on cam-05: VIOLENCE DETECTED (V:0.91, C:0.00)
INFO:Orchestrator:Updating existing event e0bc1fab-243d-4b0e-bca6-5f05c693325b with new confidence 0.91
WARNING:Orchestrator:🚨 ALERT on cam-01: VIOLENCE DETECTED (V:0.81, C:0.00)
INFO:Orchestrator:Updating existing event e0bc1fab-243d-4b0e-bca6-5f05c693325b with new confidence 0.81
WARNING:Orchestrator:🚨 ALERT on cam-05: VIOLENCE DETECTED (V:0.91, C:0.00)
INFO:Orchestrator:Updating existing event e0bc1fab-243d-4b0e-bca6-5f05c693325b with new confidence 0.91
WARNING:Orchestrator:🚨 ALERT on cam-01: VIOLENCE DETECTED (V:0.80, C:0.00)
INFO:Orchestrator:Updating existing event e0bc1fab-243d-4b0e-bca6-5f05c693325b with new confidence 0.80
WARNING:Orchestrator:🚨 ALERT on cam-05: VIOLENCE DETECTED (V:0.91, C:0.00)
INFO:Orchestrator:Updating existing event e0bc1fab-243d-4b0e-bca6-5f05c693325b with new confidence 0.91
WARNING:Orchestrator:🚨 ALERT on cam-01: VIOLENCE DETECTED (V:0.80, C:0.00)
INFO:Orchestrator:Updating existing event e0bc1fab-243d-4b0e-bca6-5f05c693325b with new confidence 0.80
WARNING:Orchestrator:🚨 ALERT on cam-05: VIOLENCE DETECTED (V:0.91, C:0.00)
INFO:Orchestrator:Updating existing event e0bc1fab-243d-4b0e-bca6-5f05c693325b with new confidence 0.91
WARNING:Orchestrator:🚨 ALERT on cam-07: VIOLENCE DETECTED (V:0.76, C:0.00)
INFO:Orchestrator:Updating existing event e0bc1fab-243d-4b0e-bca6-5f05c693325b with new confidence 0.76
WARNING:Orchestrator:🚨 ALERT on cam-01: VIOLENCE DETECTED (V:0.80, C:0.00)
INFO:Orchestrator:Updating existing event e0bc1fab-243d-4b0e-bca6-5f05c693325b with new confidence 0.80
WARNING:Orchestrator:🚨 ALERT on cam-05: VIOLENCE DETECTED (V:0.91, C:0.00)
INFO:Orchestrator:Updating existing event e0bc1fab-243d-4b0e-bca6-5f05c693325b with new confidence 0.91
WARNING:Orchestrator:🚨 ALERT on cam-07: VIOLENCE DETECTED (V:0.76, C:0.00)
INFO:Orchestrator:Updating existing event e0bc1fab-243d-4b0e-bca6-5f05c693325b with new confidence 0.76
WARNING:Orchestrator:🚨 ALERT on cam-01: VIOLENCE DETECTED (V:0.79, C:0.00)
INFO:Orchestrator:Updating existing event e0bc1fab-243d-4b0e-bca6-5f05c693325b with new confidence 0.79
WARNING:Orchestrator:🚨 ALERT on cam-05: VIOLENCE DETECTED (V:0.91, C:0.00)
INFO:Orchestrator:Updating existing event e0bc1fab-243d-4b0e-bca6-5f05c693325b with new confidence 0.91
WARNING:Orchestrator:🚨 ALERT on cam-07: VIOLENCE DETECTED (V:0.77, C:0.00)
INFO:Orchestrator:Updating existing event e0bc1fab-243d-4b0e-bca6-5f05c693325b with new confidence 0.77
WARNING:Orchestrator:🚨 ALERT on cam-01: VIOLENCE DETECTED (V:0.79, C:0.00)
INFO:Orchestrator:Updating existing event e0bc1fab-243d-4b0e-bca6-5f05c693325b with new confidence 0.79
WARNING:Orchestrator:🚨 ALERT on cam-05: VIOLENCE DETECTED (V:0.90, C:0.03)
INFO:Orchestrator:Updating existing event e0bc1fab-243d-4b0e-bca6-5f05c693325b with new confidence 0.90
WARNING:Orchestrator:🚨 ALERT on cam-07: VIOLENCE DETECTED (V:0.77, C:0.00)
INFO:Orchestrator:Updating existing event e0bc1fab-243d-4b0e-bca6-5f05c693325b with new confidence 0.77
WARNING:Orchestrator:🚨 ALERT on cam-01: VIOLENCE DETECTED (V:0.78, C:0.00)
INFO:Orchestrator:Updating existing event e0bc1fab-243d-4b0e-bca6-5f05c693325b with new confidence 0.78
WARNING:Orchestrator:🚨 ALERT on cam-05: VIOLENCE DETECTED (V:0.90, C:0.04)
INFO:Orchestrator:Updating existing event e0bc1fab-243d-4b0e-bca6-5f05c693325b with new confidence 0.90
WARNING:Orchestrator:🚨 ALERT on cam-07: VIOLENCE DETECTED (V:0.77, C:0.00)
INFO:Orchestrator:Updating existing event e0bc1fab-243d-4b0e-bca6-5f05c693325b with new confidence 0.77
WARNING:Orchestrator:🚨 ALERT on cam-01: VIOLENCE DETECTED (V:0.77, C:0.00)
INFO:Orchestrator:Updating existing event e0bc1fab-243d-4b0e-bca6-5f05c693325b with new confidence 0.77
WARNING:Orchestrator:🚨 ALERT on cam-05: VIOLENCE DETECTED (V:0.89, C:0.00)
INFO:Orchestrator:Updating existing event e0bc1fab-243d-4b0e-bca6-5f05c693325b with new confidence 0.89
WARNING:Orchestrator:🚨 ALERT on cam-07: VIOLENCE DETECTED (V:0.77, C:0.00)
INFO:Orchestrator:Updating existing event e0bc1fab-243d-4b0e-bca6-5f05c693325b with new confidence 0.77
🧠 Initializing ReID Feature Extractor (OSNet) on mps...
Successfully loaded imagenet pretrained weights from "/Users/yuva/.cache/torch/checkpoints/osnet_x1_0_imagenet.pth"
✅ ReID Model (OSNet) Loaded Successfully.
🎥 Visual Simulation Started. Press 'q' to exit.
🚨 VIOLENCE DETECTED DETECTED on cam-01 | Conf: 0.80
