INFO:Orchestrator:🚀 Initializing YOLOOrchestrator on mps...
INFO:Orchestrator:✅ Loaded YOLO model: yolo26n.pt
INFO:Orchestrator:✅ Loaded OSNet Feature Extractor
INFO:Orchestrator:✅ Loaded GRU: violence_detection_model.pth
INFO:Orchestrator:✅ Loaded GRU: crowd_anomaly_model.pth
INFO:Orchestrator:Loaded 6 travel constraints
WARNING:Orchestrator:🚨 ALERT on cam-01: VIOLENCE DETECTED (V:0.76, C:0.00)
INFO:Orchestrator:💥 NEW EVENT c7e7712b-227a-4cb5-9aff-74c44ac58cc3 | Type: VIOLENCE DETECTED
INFO:Orchestrator:⏳ Scheduling activation for cam-02 in 3.0s...
INFO:Orchestrator:⏳ Scheduling activation for cam-05 in 3.0s...
INFO:Orchestrator:🔍 Best Candidate cam-01: Sim=0.91 Streak=1 (Event c7e7712b-227a-4cb5-9aff-74c44ac58cc3)
INFO:Orchestrator:📸 Added new view to Gallery c7e7712b-227a-4cb5-9aff-74c44ac58cc3 (Size=2)
WARNING:Orchestrator:🚨 ALERT on cam-01: VIOLENCE DETECTED (V:0.76, C:0.00)
INFO:Orchestrator:Updating existing event c7e7712b-227a-4cb5-9aff-74c44ac58cc3 with new confidence 0.76
INFO:Orchestrator:🔍 Best Candidate cam-01: Sim=0.92 Streak=2 (Event c7e7712b-227a-4cb5-9aff-74c44ac58cc3)
INFO:Orchestrator:📸 Added new view to Gallery c7e7712b-227a-4cb5-9aff-74c44ac58cc3 (Size=3)
WARNING:Orchestrator:🚨 ALERT on cam-01: VIOLENCE DETECTED (V:0.77, C:0.00)
INFO:Orchestrator:Updating existing event c7e7712b-227a-4cb5-9aff-74c44ac58cc3 with new confidence 0.77
INFO:Orchestrator:🔍 Best Candidate cam-01: Sim=0.95 Streak=3 (Event c7e7712b-227a-4cb5-9aff-74c44ac58cc3)
INFO:Orchestrator:📸 Added new view to Gallery c7e7712b-227a-4cb5-9aff-74c44ac58cc3 (Size=4)
WARNING:Orchestrator:🚨 ALERT on cam-01: VIOLENCE DETECTED (V:0.78, C:0.00)
INFO:Orchestrator:Updating existing event c7e7712b-227a-4cb5-9aff-74c44ac58cc3 with new confidence 0.78
INFO:Orchestrator:🔍 Best Candidate cam-01: Sim=0.93 Streak=4 (Event c7e7712b-227a-4cb5-9aff-74c44ac58cc3)
INFO:Orchestrator:📸 Added new view to Gallery c7e7712b-227a-4cb5-9aff-74c44ac58cc3 (Size=5)
WARNING:Orchestrator:🚨 ALERT on cam-01: VIOLENCE DETECTED (V:0.79, C:0.00)
INFO:Orchestrator:Updating existing event c7e7712b-227a-4cb5-9aff-74c44ac58cc3 with new confidence 0.79
INFO:Orchestrator:🚀 Activating cam-02 NOW (Delay Complete)
INFO:Orchestrator:🚀 Activating cam-05 NOW (Delay Complete)
INFO:Orchestrator:🔍 Best Candidate cam-01: Sim=0.98 Streak=5 (Event c7e7712b-227a-4cb5-9aff-74c44ac58cc3)
WARNING:Orchestrator:🚨 ALERT on cam-01: VIOLENCE DETECTED (V:0.79, C:0.00)
INFO:Orchestrator:Updating existing event c7e7712b-227a-4cb5-9aff-74c44ac58cc3 with new confidence 0.79
INFO:Orchestrator:🔍 Best Candidate cam-01: Sim=0.97 Streak=6 (Event c7e7712b-227a-4cb5-9aff-74c44ac58cc3)
WARNING:Orchestrator:🚨 ALERT on cam-01: VIOLENCE DETECTED (V:0.80, C:0.00)
INFO:Orchestrator:Updating existing event c7e7712b-227a-4cb5-9aff-74c44ac58cc3 with new confidence 0.80
INFO:Orchestrator:🔍 Best Candidate cam-01: Sim=0.95 Streak=7 (Event c7e7712b-227a-4cb5-9aff-74c44ac58cc3)
WARNING:Orchestrator:🚨 ALERT on cam-01: VIOLENCE DETECTED (V:0.81, C:0.00)
INFO:Orchestrator:Updating existing event c7e7712b-227a-4cb5-9aff-74c44ac58cc3 with new confidence 0.81
INFO:Orchestrator:🔍 Best Candidate cam-01: Sim=0.95 Streak=8 (Event c7e7712b-227a-4cb5-9aff-74c44ac58cc3)
WARNING:Orchestrator:🚨 ALERT on cam-01: VIOLENCE DETECTED (V:0.81, C:0.00)
INFO:Orchestrator:Updating existing event c7e7712b-227a-4cb5-9aff-74c44ac58cc3 with new confidence 0.81
INFO:Orchestrator:🔍 Best Candidate cam-01: Sim=0.96 Streak=9 (Event c7e7712b-227a-4cb5-9aff-74c44ac58cc3)
WARNING:Orchestrator:🚨 ALERT on cam-01: VIOLENCE DETECTED (V:0.82, C:0.00)
INFO:Orchestrator:Updating existing event c7e7712b-227a-4cb5-9aff-74c44ac58cc3 with new confidence 0.82
INFO:Orchestrator:🔍 Best Candidate cam-01: Sim=0.96 Streak=10 (Event c7e7712b-227a-4cb5-9aff-74c44ac58cc3)
WARNING:Orchestrator:🚨 ALERT on cam-01: VIOLENCE DETECTED (V:0.83, C:0.00)
INFO:Orchestrator:Updating existing event c7e7712b-227a-4cb5-9aff-74c44ac58cc3 with new confidence 0.83
INFO:Orchestrator:⛔ Skipped Top-K Candidate (Sim 0.66) due to spatial constraints (cam-01->cam-02 in 0.1s)
WARNING:Orchestrator:🚨 ALERT on cam-05: VIOLENCE DETECTED (V:0.91, C:0.00)
INFO:Orchestrator:Updating existing event c7e7712b-227a-4cb5-9aff-74c44ac58cc3 with new confidence 0.91
INFO:Orchestrator:🔍 Best Candidate cam-01: Sim=0.95 Streak=11 (Event c7e7712b-227a-4cb5-9aff-74c44ac58cc3)
WARNING:Orchestrator:🚨 ALERT on cam-01: VIOLENCE DETECTED (V:0.84, C:0.00)
INFO:Orchestrator:Updating existing event c7e7712b-227a-4cb5-9aff-74c44ac58cc3 with new confidence 0.84
INFO:Orchestrator:⛔ Skipped Top-K Candidate (Sim 0.66) due to spatial constraints (cam-01->cam-02 in 0.1s)
WARNING:Orchestrator:🚨 ALERT on cam-05: VIOLENCE DETECTED (V:0.90, C:0.00)
INFO:Orchestrator:Updating existing event c7e7712b-227a-4cb5-9aff-74c44ac58cc3 with new confidence 0.90
INFO:Orchestrator:🔍 Best Candidate cam-01: Sim=0.95 Streak=12 (Event c7e7712b-227a-4cb5-9aff-74c44ac58cc3)
WARNING:Orchestrator:🚨 ALERT on cam-01: VIOLENCE DETECTED (V:0.84, C:0.00)
INFO:Orchestrator:Updating existing event c7e7712b-227a-4cb5-9aff-74c44ac58cc3 with new confidence 0.84
INFO:Orchestrator:⛔ Skipped Top-K Candidate (Sim 0.67) due to spatial constraints (cam-01->cam-02 in 0.1s)
WARNING:Orchestrator:🚨 ALERT on cam-05: VIOLENCE DETECTED (V:0.90, C:0.03)
INFO:Orchestrator:Updating existing event c7e7712b-227a-4cb5-9aff-74c44ac58cc3 with new confidence 0.90
INFO:Orchestrator:🔍 Best Candidate cam-01: Sim=0.94 Streak=13 (Event c7e7712b-227a-4cb5-9aff-74c44ac58cc3)
WARNING:Orchestrator:🚨 ALERT on cam-01: VIOLENCE DETECTED (V:0.85, C:0.00)
INFO:Orchestrator:Updating existing event c7e7712b-227a-4cb5-9aff-74c44ac58cc3 with new confidence 0.85
INFO:Orchestrator:⛔ Skipped Top-K Candidate (Sim 0.70) due to spatial constraints (cam-01->cam-02 in 0.1s)
WARNING:Orchestrator:🚨 ALERT on cam-05: VIOLENCE DETECTED (V:0.90, C:0.00)
INFO:Orchestrator:Updating existing event c7e7712b-227a-4cb5-9aff-74c44ac58cc3 with new confidence 0.90
INFO:Orchestrator:🔍 Best Candidate cam-01: Sim=0.94 Streak=14 (Event c7e7712b-227a-4cb5-9aff-74c44ac58cc3)
WARNING:Orchestrator:🚨 ALERT on cam-01: VIOLENCE DETECTED (V:0.85, C:0.00)
INFO:Orchestrator:Updating existing event c7e7712b-227a-4cb5-9aff-74c44ac58cc3 with new confidence 0.85
INFO:Orchestrator:⛔ Skipped Top-K Candidate (Sim 0.71) due to spatial constraints (cam-01->cam-02 in 0.1s)
WARNING:Orchestrator:🚨 ALERT on cam-05: VIOLENCE DETECTED (V:0.90, C:0.00)
INFO:Orchestrator:Updating existing event c7e7712b-227a-4cb5-9aff-74c44ac58cc3 with new confidence 0.90
INFO:Orchestrator:🔍 Best Candidate cam-01: Sim=0.95 Streak=15 (Event c7e7712b-227a-4cb5-9aff-74c44ac58cc3)
WARNING:Orchestrator:🚨 ALERT on cam-01: VIOLENCE DETECTED (V:0.85, C:0.00)
INFO:Orchestrator:Updating existing event c7e7712b-227a-4cb5-9aff-74c44ac58cc3 with new confidence 0.85
INFO:Orchestrator:⛔ Skipped Top-K Candidate (Sim 0.73) due to spatial constraints (cam-01->cam-02 in 0.1s)
WARNING:Orchestrator:🚨 ALERT on cam-05: VIOLENCE DETECTED (V:0.89, C:0.00)
INFO:Orchestrator:Updating existing event c7e7712b-227a-4cb5-9aff-74c44ac58cc3 with new confidence 0.89
INFO:Orchestrator:🔍 Best Candidate cam-01: Sim=0.94 Streak=16 (Event c7e7712b-227a-4cb5-9aff-74c44ac58cc3)
WARNING:Orchestrator:🚨 ALERT on cam-01: VIOLENCE DETECTED (V:0.85, C:0.00)
INFO:Orchestrator:Updating existing event c7e7712b-227a-4cb5-9aff-74c44ac58cc3 with new confidence 0.85
INFO:Orchestrator:⛔ Skipped Top-K Candidate (Sim 0.70) due to spatial constraints (cam-01->cam-02 in 0.1s)
WARNING:Orchestrator:🚨 ALERT on cam-05: VIOLENCE DETECTED (V:0.89, C:0.00)
INFO:Orchestrator:Updating existing event c7e7712b-227a-4cb5-9aff-74c44ac58cc3 with new confidence 0.89
INFO:Orchestrator:🔍 Best Candidate cam-01: Sim=0.93 Streak=17 (Event c7e7712b-227a-4cb5-9aff-74c44ac58cc3)
WARNING:Orchestrator:🚨 ALERT on cam-01: VIOLENCE DETECTED (V:0.86, C:0.00)
INFO:Orchestrator:Updating existing event c7e7712b-227a-4cb5-9aff-74c44ac58cc3 with new confidence 0.86
INFO:Orchestrator:⛔ Skipped Top-K Candidate (Sim 0.70) due to spatial constraints (cam-01->cam-02 in 0.1s)
WARNING:Orchestrator:🚨 ALERT on cam-05: VIOLENCE DETECTED (V:0.89, C:0.00)
INFO:Orchestrator:Updating existing event c7e7712b-227a-4cb5-9aff-74c44ac58cc3 with new confidence 0.89
INFO:Orchestrator:🔍 Best Candidate cam-01: Sim=0.93 Streak=18 (Event c7e7712b-227a-4cb5-9aff-74c44ac58cc3)
WARNING:Orchestrator:🚨 ALERT on cam-01: VIOLENCE DETECTED (V:0.86, C:0.00)
INFO:Orchestrator:Updating existing event c7e7712b-227a-4cb5-9aff-74c44ac58cc3 with new confidence 0.86
INFO:Orchestrator:⛔ Skipped Top-K Candidate (Sim 0.69) due to spatial constraints (cam-01->cam-02 in 0.1s)
WARNING:Orchestrator:🚨 ALERT on cam-05: VIOLENCE DETECTED (V:0.88, C:0.00)
INFO:Orchestrator:Updating existing event c7e7712b-227a-4cb5-9aff-74c44ac58cc3 with new confidence 0.88
INFO:Orchestrator:🔍 Best Candidate cam-01: Sim=0.92 Streak=19 (Event c7e7712b-227a-4cb5-9aff-74c44ac58cc3)
WARNING:Orchestrator:🚨 ALERT on cam-01: VIOLENCE DETECTED (V:0.86, C:0.00)
INFO:Orchestrator:Updating existing event c7e7712b-227a-4cb5-9aff-74c44ac58cc3 with new confidence 0.86
INFO:Orchestrator:⛔ Skipped Top-K Candidate (Sim 0.69) due to spatial constraints (cam-01->cam-02 in 0.1s)
WARNING:Orchestrator:🚨 ALERT on cam-05: VIOLENCE DETECTED (V:0.88, C:0.03)
INFO:Orchestrator:Updating existing event c7e7712b-227a-4cb5-9aff-74c44ac58cc3 with new confidence 0.88
INFO:Orchestrator:🔍 Best Candidate cam-01: Sim=0.92 Streak=20 (Event c7e7712b-227a-4cb5-9aff-74c44ac58cc3)
WARNING:Orchestrator:🚨 ALERT on cam-01: VIOLENCE DETECTED (V:0.85, C:0.00)
INFO:Orchestrator:Updating existing event c7e7712b-227a-4cb5-9aff-74c44ac58cc3 with new confidence 0.85
INFO:Orchestrator:⛔ Skipped Top-K Candidate (Sim 0.68) due to spatial constraints (cam-01->cam-02 in 0.1s)
WARNING:Orchestrator:🚨 ALERT on cam-05: VIOLENCE DETECTED (V:0.87, C:0.03)
INFO:Orchestrator:Updating existing event c7e7712b-227a-4cb5-9aff-74c44ac58cc3 with new confidence 0.87
INFO:Orchestrator:🔍 Best Candidate cam-01: Sim=0.92 Streak=21 (Event c7e7712b-227a-4cb5-9aff-74c44ac58cc3)
WARNING:Orchestrator:🚨 ALERT on cam-01: VIOLENCE DETECTED (V:0.85, C:0.00)
INFO:Orchestrator:Updating existing event c7e7712b-227a-4cb5-9aff-74c44ac58cc3 with new confidence 0.85
INFO:Orchestrator:⛔ Skipped Top-K Candidate (Sim 0.68) due to spatial constraints (cam-01->cam-02 in 0.1s)
WARNING:Orchestrator:🚨 ALERT on cam-05: VIOLENCE DETECTED (V:0.86, C:0.03)
INFO:Orchestrator:Updating existing event c7e7712b-227a-4cb5-9aff-74c44ac58cc3 with new confidence 0.86
INFO:Orchestrator:🔍 Best Candidate cam-01: Sim=0.89 Streak=22 (Event c7e7712b-227a-4cb5-9aff-74c44ac58cc3)
WARNING:Orchestrator:🚨 ALERT on cam-01: VIOLENCE DETECTED (V:0.85, C:0.00)
INFO:Orchestrator:Updating existing event c7e7712b-227a-4cb5-9aff-74c44ac58cc3 with new confidence 0.85
INFO:Orchestrator:⛔ Skipped Top-K Candidate (Sim 0.69) due to spatial constraints (cam-01->cam-02 in 0.1s)
WARNING:Orchestrator:🚨 ALERT on cam-05: VIOLENCE DETECTED (V:0.85, C:0.04)
INFO:Orchestrator:Updating existing event c7e7712b-227a-4cb5-9aff-74c44ac58cc3 with new confidence 0.85
INFO:Orchestrator:🔍 Best Candidate cam-01: Sim=0.87 Streak=23 (Event c7e7712b-227a-4cb5-9aff-74c44ac58cc3)
WARNING:Orchestrator:🚨 ALERT on cam-01: VIOLENCE DETECTED (V:0.85, C:0.00)
INFO:Orchestrator:Updating existing event c7e7712b-227a-4cb5-9aff-74c44ac58cc3 with new confidence 0.85
INFO:Orchestrator:⛔ Skipped Top-K Candidate (Sim 0.65) due to spatial constraints (cam-01->cam-02 in 0.1s)
WARNING:Orchestrator:🚨 ALERT on cam-05: VIOLENCE DETECTED (V:0.85, C:0.04)
INFO:Orchestrator:Updating existing event c7e7712b-227a-4cb5-9aff-74c44ac58cc3 with new confidence 0.85
INFO:Orchestrator:🔍 Best Candidate cam-01: Sim=0.88 Streak=24 (Event c7e7712b-227a-4cb5-9aff-74c44ac58cc3)
WARNING:Orchestrator:🚨 ALERT on cam-01: VIOLENCE DETECTED (V:0.84, C:0.00)
INFO:Orchestrator:Updating existing event c7e7712b-227a-4cb5-9aff-74c44ac58cc3 with new confidence 0.84
INFO:Orchestrator:⛔ Skipped Top-K Candidate (Sim 0.70) due to spatial constraints (cam-01->cam-02 in 0.1s)
WARNING:Orchestrator:🚨 ALERT on cam-05: VIOLENCE DETECTED (V:0.84, C:0.00)
INFO:Orchestrator:Updating existing event c7e7712b-227a-4cb5-9aff-74c44ac58cc3 with new confidence 0.84
INFO:Orchestrator:🔍 Best Candidate cam-01: Sim=0.89 Streak=25 (Event c7e7712b-227a-4cb5-9aff-74c44ac58cc3)
WARNING:Orchestrator:🚨 ALERT on cam-01: VIOLENCE DETECTED (V:0.84, C:0.00)
INFO:Orchestrator:Updating existing event c7e7712b-227a-4cb5-9aff-74c44ac58cc3 with new confidence 0.84
INFO:Orchestrator:⛔ Skipped Top-K Candidate (Sim 0.69) due to spatial constraints (cam-01->cam-02 in 0.1s)
WARNING:Orchestrator:🚨 ALERT on cam-05: VIOLENCE DETECTED (V:0.83, C:0.00)
INFO:Orchestrator:Updating existing event c7e7712b-227a-4cb5-9aff-74c44ac58cc3 with new confidence 0.83
INFO:Orchestrator:🔍 Best Candidate cam-01: Sim=0.86 Streak=26 (Event c7e7712b-227a-4cb5-9aff-74c44ac58cc3)
WARNING:Orchestrator:🚨 ALERT on cam-01: VIOLENCE DETECTED (V:0.83, C:0.00)
INFO:Orchestrator:Updating existing event c7e7712b-227a-4cb5-9aff-74c44ac58cc3 with new confidence 0.83
INFO:Orchestrator:⛔ Skipped Top-K Candidate (Sim 0.70) due to spatial constraints (cam-01->cam-02 in 0.1s)
WARNING:Orchestrator:🚨 ALERT on cam-05: VIOLENCE DETECTED (V:0.83, C:0.00)
INFO:Orchestrator:Updating existing event c7e7712b-227a-4cb5-9aff-74c44ac58cc3 with new confidence 0.83
INFO:Orchestrator:🔍 Best Candidate cam-01: Sim=0.82 Streak=27 (Event c7e7712b-227a-4cb5-9aff-74c44ac58cc3)
WARNING:Orchestrator:🚨 ALERT on cam-01: VIOLENCE DETECTED (V:0.83, C:0.00)
INFO:Orchestrator:Updating existing event c7e7712b-227a-4cb5-9aff-74c44ac58cc3 with new confidence 0.83
INFO:Orchestrator:⛔ Skipped Top-K Candidate (Sim 0.71) due to spatial constraints (cam-01->cam-02 in 0.1s)
WARNING:Orchestrator:🚨 ALERT on cam-05: VIOLENCE DETECTED (V:0.83, C:0.04)
INFO:Orchestrator:Updating existing event c7e7712b-227a-4cb5-9aff-74c44ac58cc3 with new confidence 0.83
INFO:Orchestrator:🔍 Best Candidate cam-01: Sim=0.80 Streak=28 (Event c7e7712b-227a-4cb5-9aff-74c44ac58cc3)
INFO:Orchestrator:🧬 ReID MATCH on cam-01: Sim=0.80 Streak=28 (Event c7e7712b-227a-4cb5-9aff-74c44ac58cc3)
INFO:Orchestrator:📌 Locked Track ID 1 to Event c7e7712b-227a-4cb5-9aff-74c44ac58cc3
WARNING:Orchestrator:🚨 ALERT on cam-01: VIOLENCE DETECTED (V:0.82, C:0.00)
INFO:Orchestrator:Updating existing event c7e7712b-227a-4cb5-9aff-74c44ac58cc3 with new confidence 0.82
WARNING:Orchestrator:🚨 ALERT on cam-05: VIOLENCE DETECTED (V:0.83, C:0.04)
INFO:Orchestrator:Updating existing event c7e7712b-227a-4cb5-9aff-74c44ac58cc3 with new confidence 0.83
WARNING:Orchestrator:🚨 ALERT on cam-01: VIOLENCE DETECTED (V:0.82, C:0.00)
INFO:Orchestrator:Updating existing event c7e7712b-227a-4cb5-9aff-74c44ac58cc3 with new confidence 0.82
WARNING:Orchestrator:🚨 ALERT on cam-05: VIOLENCE DETECTED (V:0.83, C:0.03)
INFO:Orchestrator:Updating existing event c7e7712b-227a-4cb5-9aff-74c44ac58cc3 with new confidence 0.83
WARNING:Orchestrator:🚨 ALERT on cam-01: VIOLENCE DETECTED (V:0.82, C:0.00)
INFO:Orchestrator:Updating existing event c7e7712b-227a-4cb5-9aff-74c44ac58cc3 with new confidence 0.82
WARNING:Orchestrator:🚨 ALERT on cam-05: VIOLENCE DETECTED (V:0.83, C:0.03)
INFO:Orchestrator:Updating existing event c7e7712b-227a-4cb5-9aff-74c44ac58cc3 with new confidence 0.83
WARNING:Orchestrator:🚨 ALERT on cam-01: VIOLENCE DETECTED (V:0.81, C:0.00)
INFO:Orchestrator:Updating existing event c7e7712b-227a-4cb5-9aff-74c44ac58cc3 with new confidence 0.81
WARNING:Orchestrator:🚨 ALERT on cam-05: VIOLENCE DETECTED (V:0.82, C:0.04)
INFO:Orchestrator:Updating existing event c7e7712b-227a-4cb5-9aff-74c44ac58cc3 with new confidence 0.82
WARNING:Orchestrator:🚨 ALERT on cam-01: VIOLENCE DETECTED (V:0.81, C:0.00)
INFO:Orchestrator:Updating existing event c7e7712b-227a-4cb5-9aff-74c44ac58cc3 with new confidence 0.81
